
*** READING DEVICE CONFIGURATION FILES ***
Reading: "/data/containers/fde67392-a8bf-4dc6-a688-2a6ab2a862b4/snapshots/6726480d-0e14-40d3-ac94-a7a97e97035b/input/configs/ciscoasa.cfg"
Reading: "/data/containers/fde67392-a8bf-4dc6-a688-2a6ab2a862b4/snapshots/6726480d-0e14-40d3-ac94-a7a97e97035b/input/configs/after_summary_asa.cfg"
Reading: "/data/containers/fde67392-a8bf-4dc6-a688-2a6ab2a862b4/snapshots/6726480d-0e14-40d3-ac94-a7a97e97035b/input/configs/before_summary_asa.cfg"
Reading: "/data/containers/fde67392-a8bf-4dc6-a688-2a6ab2a862b4/snapshots/6726480d-0e14-40d3-ac94-a7a97e97035b/input/configs/N9k-v1.cfg"
Snapshot 6726480d-0e14-40d3-ac94-a7a97e97035b in network fde67392-a8bf-4dc6-a688-2a6ab2a862b4 has total number of network configs:4	Preprocessing...OK
	Parsing...OK
	Post-processing...OK
	Preprocessing...OK
	Parsing...OK
	Post-processing...OK
   MISCELLANEOUS: Network object 'range' is not supported for access lists: range 12.0.0.10 12.0.0.20

	Preprocessing...OK
	Parsing...OK
	Post-processing...OK
   MISCELLANEOUS: Network object 'range' is not supported for access lists: range 12.0.0.10 12.0.0.20

	Preprocessing...OK
	Parsing...OK
	Post-processing...OK
   MISCELLANEOUS: Network object 'range' is not supported for access lists: range 12.0.0.10 12.0.0.20


*** SERIALIZING VENDOR CONFIGURATION STRUCTURES ***
Time taken for this task: 0.059 seconds

*** DESERIALIZING VENDOR CONFIGURATION STRUCTURES ***
Reading and unzipping: org.batfish.datamodel.GenericConfigObject 'before_summary_asa' from /data/containers/fde67392-a8bf-4dc6-a688-2a6ab2a862b4/snapshots/6726480d-0e14-40d3-ac94-a7a97e97035b/output/vendor/before_summary_asa
Reading and unzipping: org.batfish.datamodel.GenericConfigObject 'after_summary_asa' from /data/containers/fde67392-a8bf-4dc6-a688-2a6ab2a862b4/snapshots/6726480d-0e14-40d3-ac94-a7a97e97035b/output/vendor/after_summary_asa
 ...OK
Reading and unzipping: org.batfish.datamodel.GenericConfigObject 'ciscoasa' from /data/containers/fde67392-a8bf-4dc6-a688-2a6ab2a862b4/snapshots/6726480d-0e14-40d3-ac94-a7a97e97035b/output/vendor/ciscoasa
 ...OK
 ...OK
Reading and unzipping: org.batfish.datamodel.GenericConfigObject 'n9kv-1' from /data/containers/fde67392-a8bf-4dc6-a688-2a6ab2a862b4/snapshots/6726480d-0e14-40d3-ac94-a7a97e97035b/output/vendor/n9kv-1
 ...OK
Time taken for this task: 0.067 seconds

*** CONVERTING VENDOR CONFIGURATIONS TO INDEPENDENT FORMAT ***
Processing: "ciscoasa" ...OK
Job terminated successfully with result: [ciscoasa] after elapsed time: 00:00:00.01 - 1/4 (25.0%) complete
Processing: "n9kv-1" ...OK
Job terminated successfully with result: [n9kv-1] after elapsed time: 00:00:00.01 - 2/4 (50.0%) complete
Processing: "before_summary_asa" ...OK
Job terminated successfully with result: [before_summary_asa] after elapsed time: 00:00:00.00 - 3/4 (75.0%) complete
Processing: "after_summary_asa" ...OK
Job terminated successfully with result: [after_summary_asa] after elapsed time: 00:00:00.01 - 4/4 (100.0%) complete
Time taken for this task: 0.043 seconds

*** SERIALIZING 4 VENDOR-INDEPENDENT CONFIGURATION STRUCTURES FOR SNAPSHOT 6726480D-0E14-40D3-AC94-A7A97E97035B***
Loading configurations for NetworkSnapshot{network=fde67392-a8bf-4dc6-a688-2a6ab2a862b4, snapshot=6726480d-0e14-40d3-ac94-a7a97e97035b}
Loading configurations for NetworkSnapshot{network=fde67392-a8bf-4dc6-a688-2a6ab2a862b4, snapshot=6726480d-0e14-40d3-ac94-a7a97e97035b}, cache miss
*** DESERIALIZING VENDOR-INDEPENDENT CONFIGURATION STRUCTURES ***
Reading org.batfish.datamodel.Configuration 'before_summary_asa' from '/data/containers/fde67392-a8bf-4dc6-a688-2a6ab2a862b4/snapshots/6726480d-0e14-40d3-ac94-a7a97e97035b/output/indep/before_summary_asa'
Reading org.batfish.datamodel.Configuration 'after_summary_asa' from '/data/containers/fde67392-a8bf-4dc6-a688-2a6ab2a862b4/snapshots/6726480d-0e14-40d3-ac94-a7a97e97035b/output/indep/after_summary_asa'
Reading org.batfish.datamodel.Configuration 'ciscoasa' from '/data/containers/fde67392-a8bf-4dc6-a688-2a6ab2a862b4/snapshots/6726480d-0e14-40d3-ac94-a7a97e97035b/output/indep/ciscoasa'
Reading org.batfish.datamodel.Configuration 'n9kv-1' from '/data/containers/fde67392-a8bf-4dc6-a688-2a6ab2a862b4/snapshots/6726480d-0e14-40d3-ac94-a7a97e97035b/output/indep/n9kv-1'
Loaded configurations for NetworkSnapshot{network=fde67392-a8bf-4dc6-a688-2a6ab2a862b4, snapshot=6726480d-0e14-40d3-ac94-a7a97e97035b} off diskLoading configurations for NetworkSnapshot{network=fde67392-a8bf-4dc6-a688-2a6ab2a862b4, snapshot=6726480d-0e14-40d3-ac94-a7a97e97035b}
Loading configurations for NetworkSnapshot{network=fde67392-a8bf-4dc6-a688-2a6ab2a862b4, snapshot=6726480d-0e14-40d3-ac94-a7a97e97035b}
Loading configurations for NetworkSnapshot{network=fde67392-a8bf-4dc6-a688-2a6ab2a862b4, snapshot=6726480d-0e14-40d3-ac94-a7a97e97035b}
{
  "class" : "org.batfish.datamodel.answers.InitInfoAnswerElement",
  "parseStatus" : {
    "configs/N9k-v1.cfg" : "PASSED",
    "configs/after_summary_asa.cfg" : "PARTIALLY_UNRECOGNIZED",
    "configs/before_summary_asa.cfg" : "PARTIALLY_UNRECOGNIZED",
    "configs/ciscoasa.cfg" : "PARTIALLY_UNRECOGNIZED"
  }
}{"answerElements":[{"class":"org.batfish.datamodel.answers.InitInfoAnswerElement","parseStatus":{"configs/N9k-v1.cfg":"PASSED","configs/after_summary_asa.cfg":"PARTIALLY_UNRECOGNIZED","configs/before_summary_asa.cfg":"PARTIALLY_UNRECOGNIZED","configs/ciscoasa.cfg":"PARTIALLY_UNRECOGNIZED"}}],"status":"SUCCESS","summary":{"numFailed":0,"numPassed":0,"numResults":0}}