Loading configurations for NetworkSnapshot{network=fde67392-a8bf-4dc6-a688-2a6ab2a862b4, snapshot=e9f1c300-66fc-46ca-a7c1-c268008a9eca}
Loading configurations for NetworkSnapshot{network=fde67392-a8bf-4dc6-a688-2a6ab2a862b4, snapshot=e9f1c300-66fc-46ca-a7c1-c268008a9eca}
Loading configurations for NetworkSnapshot{network=fde67392-a8bf-4dc6-a688-2a6ab2a862b4, snapshot=e9f1c300-66fc-46ca-a7c1-c268008a9eca}
Exception in container:fde67392-a8bf-4dc6-a688-2a6ab2a862b4, testrig:e9f1c300-66fc-46ca-a7c1-c268008a9eca; exception:org.batfish.common.QuestionException: Exception answering question
	at org.batfish.datamodel.answers.Answer.append(Answer.java:46)
	at org.batfish.main.Batfish.run(Batfish.java:2347)
	at org.batfish.main.Driver.lambda$runBatfish$3(Driver.java:570)
	at java.lang.Thread.run(Thread.java:748)
Caused by: org.batfish.common.BatfishException: Failed to answer question
	at org.batfish.main.Batfish.answer(Batfish.java:642)
	... 3 more
Caused by: java.lang.IllegalArgumentException: Error parsing '1' as ipSpecifier after index 1. Valid continuations are IP_SPACE_SET_OP.. See https://github.com/batfish/batfish/blob/master/questions/Parameters.md#ip-specifier for valid grammar.
	at org.batfish.specifier.parboiled.ParboiledIpSpaceSpecifier.parse(ParboiledIpSpaceSpecifier.java:151)
	at org.batfish.specifier.SpecifierFactories.getIpSpaceSpecifier(SpecifierFactories.java:70)
	at org.batfish.specifier.SpecifierFactories.getIpSpaceSpecifierOrDefault(SpecifierFactories.java:176)
	at org.batfish.specifier.SpecifierFactories.getIpSpaceSpecifierOrDefault(SpecifierFactories.java:136)
	at org.batfish.question.testfilters.TestFiltersAnswerer.initSourceIpAssignment(TestFiltersAnswerer.java:83)
	at org.batfish.question.testfilters.TestFiltersAnswerer.<init>(TestFiltersAnswerer.java:74)
	at org.batfish.question.testfilters.TestFiltersQuestionPlugin.createAnswerer(TestFiltersQuestionPlugin.java:15)
	at org.batfish.main.AnswererCreator.create(AnswererCreator.java:25)
	at org.batfish.main.Batfish.createAnswerer(Batfish.java:3322)
	at org.batfish.common.Answerer.create(Answerer.java:19)
	at org.batfish.main.Batfish.answer(Batfish.java:639)
	... 3 more
{"answerElements":[{"class":"org.batfish.common.BatfishException$BatfishStackTrace","answer":["org.batfish.common.BatfishException: Failed to answer question","   at org.batfish.main.Batfish.answer(Batfish.java:642)","   at org.batfish.main.Batfish.run(Batfish.java:2347)","   at org.batfish.main.Driver.lambda$runBatfish$3(Driver.java:570)","   at java.lang.Thread.run(Thread.java:748)","Caused by: java.lang.IllegalArgumentException: Error parsing '1' as ipSpecifier after index 1. Valid continuations are IP_SPACE_SET_OP.. See https://github.com/batfish/batfish/blob/master/questions/Parameters.md#ip-specifier for valid grammar.","   at org.batfish.specifier.parboiled.ParboiledIpSpaceSpecifier.parse(ParboiledIpSpaceSpecifier.java:151)","   at org.batfish.specifier.SpecifierFactories.getIpSpaceSpecifier(SpecifierFactories.java:70)","   at org.batfish.specifier.SpecifierFactories.getIpSpaceSpecifierOrDefault(SpecifierFactories.java:176)","   at org.batfish.specifier.SpecifierFactories.getIpSpaceSpecifierOrDefault(SpecifierFactories.java:136)","   at org.batfish.question.testfilters.TestFiltersAnswerer.initSourceIpAssignment(TestFiltersAnswerer.java:83)","   at org.batfish.question.testfilters.TestFiltersAnswerer.<init>(TestFiltersAnswerer.java:74)","   at org.batfish.question.testfilters.TestFiltersQuestionPlugin.createAnswerer(TestFiltersQuestionPlugin.java:15)","   at org.batfish.main.AnswererCreator.create(AnswererCreator.java:25)","   at org.batfish.main.Batfish.createAnswerer(Batfish.java:3322)","   at org.batfish.common.Answerer.create(Answerer.java:19)","   at org.batfish.main.Batfish.answer(Batfish.java:639)","   ... 3 more",""]}],"question":{"class":"org.batfish.question.testfilters.TestFiltersQuestion","filters":"L","headers":{"srcIps":"1"},"nodes":"a","differential":false,"includeOneTableKeys":true,"instance":{"description":"Returns how a flow is processed by a filter (ACLs, firewall rules).","instanceName":"__testFilters_78634f4b-6196-41ac-875c-7b8a76a7a11b","longDescription":"Shows how the specified flow is processed through the specified filters, returning its permit/deny status as well as the line(s) it matched.","tags":["acl"],"variables":{"filters":{"description":"Only consider filters that match this specifier.","displayName":"Filters","optional":false,"type":"filterSpec","value":"L"},"headers":{"description":"Packet header constraints.","displayName":"Headers","fields":{"applications":{"optional":true,"type":"applicationSpec"},"dscps":{"optional":true},"dstIps":{"optional":false,"type":"ipSpaceSpec"},"dstPorts":{"optional":true},"ecns":{"optional":true},"flowStates":{"optional":true},"fragmentOffsets":{"optional":true},"icmpCodes":{"optional":true},"icmpTypes":{"optional":true},"ipProtocols":{"optional":true,"type":"ipProtocolSpec"},"packetLengths":{"optional":true},"srcIps":{"optional":true,"type":"ipSpaceSpec"},"srcPorts":{"optional":true},"tcpFlags":{"optional":true}},"optional":false,"type":"headerConstraint","value":{"applications":null,"dscps":null,"dstIps":null,"dstPorts":null,"ecns":null,"flowStates":null,"fragmentOffsets":null,"icmpCodes":null,"icmpTypes":null,"ipProtocols":null,"packetLengths":null,"srcIps":"1","srcPorts":null,"tcpFlags":null}},"nodes":{"description":"Only examine filters on nodes matching this specifier.","displayName":"Nodes","optional":false,"type":"nodeSpec","value":"a"},"startLocation":{"description":"Location to start tracing from.","displayName":"Start Location","minLength":1,"optional":true,"type":"string"}}}},"status":"FAILURE","summary":{"numFailed":0,"numPassed":0,"numResults":0}}