
*** READING DEVICE CONFIGURATION FILES ***
Reading: "/data/containers/fde67392-a8bf-4dc6-a688-2a6ab2a862b4/snapshots/e9f1c300-66fc-46ca-a7c1-c268008a9eca/input/configs/ASA_after_acl_summary.cfg"
Reading: "/data/containers/fde67392-a8bf-4dc6-a688-2a6ab2a862b4/snapshots/e9f1c300-66fc-46ca-a7c1-c268008a9eca/input/configs/ciscoasa.cfg"
Reading: "/data/containers/fde67392-a8bf-4dc6-a688-2a6ab2a862b4/snapshots/e9f1c300-66fc-46ca-a7c1-c268008a9eca/input/configs/after_summary_asa.cfg"
Reading: "/data/containers/fde67392-a8bf-4dc6-a688-2a6ab2a862b4/snapshots/e9f1c300-66fc-46ca-a7c1-c268008a9eca/input/configs/N9kv-2.cfg"
Reading: "/data/containers/fde67392-a8bf-4dc6-a688-2a6ab2a862b4/snapshots/e9f1c300-66fc-46ca-a7c1-c268008a9eca/input/configs/before_summary_asa.cfg"
Reading: "/data/containers/fde67392-a8bf-4dc6-a688-2a6ab2a862b4/snapshots/e9f1c300-66fc-46ca-a7c1-c268008a9eca/input/configs/N9kv-1.cfg"
Reading: "/data/containers/fde67392-a8bf-4dc6-a688-2a6ab2a862b4/snapshots/e9f1c300-66fc-46ca-a7c1-c268008a9eca/input/configs/ASA_before_acl_summary.cfg"
Snapshot e9f1c300-66fc-46ca-a7c1-c268008a9eca in network fde67392-a8bf-4dc6-a688-2a6ab2a862b4 has total number of network configs:7
*** SERIALIZING VENDOR CONFIGURATION STRUCTURES ***
Time taken for this task: 0.047 seconds

*** DESERIALIZING VENDOR CONFIGURATION STRUCTURES ***
Reading and unzipping: org.batfish.datamodel.GenericConfigObject 'ciscoasa' from /data/containers/fde67392-a8bf-4dc6-a688-2a6ab2a862b4/snapshots/e9f1c300-66fc-46ca-a7c1-c268008a9eca/output/vendor/ciscoasa
Reading and unzipping: org.batfish.datamodel.GenericConfigObject 'asa_after_acl_summary' from /data/containers/fde67392-a8bf-4dc6-a688-2a6ab2a862b4/snapshots/e9f1c300-66fc-46ca-a7c1-c268008a9eca/output/vendor/asa_after_acl_summary
Reading and unzipping: org.batfish.datamodel.GenericConfigObject 'after_summary_asa' from /data/containers/fde67392-a8bf-4dc6-a688-2a6ab2a862b4/snapshots/e9f1c300-66fc-46ca-a7c1-c268008a9eca/output/vendor/after_summary_asa
Reading and unzipping: org.batfish.datamodel.GenericConfigObject 'n9kv-2' from /data/containers/fde67392-a8bf-4dc6-a688-2a6ab2a862b4/snapshots/e9f1c300-66fc-46ca-a7c1-c268008a9eca/output/vendor/n9kv-2
 ...OK
 ...OK
Reading and unzipping: org.batfish.datamodel.GenericConfigObject 'asa_before_acl_summary' from /data/containers/fde67392-a8bf-4dc6-a688-2a6ab2a862b4/snapshots/e9f1c300-66fc-46ca-a7c1-c268008a9eca/output/vendor/asa_before_acl_summary
 ...OK
Reading and unzipping: org.batfish.datamodel.GenericConfigObject 'n9kv-1' from /data/containers/fde67392-a8bf-4dc6-a688-2a6ab2a862b4/snapshots/e9f1c300-66fc-46ca-a7c1-c268008a9eca/output/vendor/n9kv-1
 ...OK
 ...OK
 ...OK
Reading and unzipping: org.batfish.datamodel.GenericConfigObject 'before_summary_asa' from /data/containers/fde67392-a8bf-4dc6-a688-2a6ab2a862b4/snapshots/e9f1c300-66fc-46ca-a7c1-c268008a9eca/output/vendor/before_summary_asa
 ...OK
Time taken for this task: 0.032 seconds

*** CONVERTING VENDOR CONFIGURATIONS TO INDEPENDENT FORMAT ***
Processing: "n9kv-1" ...OK
Job terminated successfully with result: [n9kv-1] after elapsed time: 00:00:00.00 - 1/7 (14.3%) complete
Processing: "asa_before_acl_summary" ...OK
Job terminated successfully with result: [asa_before_acl_summary] after elapsed time: 00:00:00.00 - 2/7 (28.6%) complete
Processing: "after_summary_asa" ...OK
Job terminated successfully with result: [after_summary_asa] after elapsed time: 00:00:00.00 - 3/7 (42.9%) complete
Processing: "ciscoasa" ...OK
Job terminated successfully with result: [ciscoasa] after elapsed time: 00:00:00.00 - 4/7 (57.1%) complete
Processing: "asa_after_acl_summary" ...OK
Job terminated successfully with result: [asa_after_acl_summary] after elapsed time: 00:00:00.00 - 5/7 (71.4%) complete
Processing: "n9kv-2" ...OK
Job terminated successfully with result: [n9kv-2] after elapsed time: 00:00:00.01 - 6/7 (85.7%) complete
Processing: "before_summary_asa" ...OK
Job terminated successfully with result: [before_summary_asa] after elapsed time: 00:00:00.02 - 7/7 (100.0%) complete
Time taken for this task: 0.039 seconds

*** SERIALIZING 7 VENDOR-INDEPENDENT CONFIGURATION STRUCTURES FOR SNAPSHOT E9F1C300-66FC-46CA-A7C1-C268008A9ECA***
Loading configurations for NetworkSnapshot{network=fde67392-a8bf-4dc6-a688-2a6ab2a862b4, snapshot=e9f1c300-66fc-46ca-a7c1-c268008a9eca}
Loading configurations for NetworkSnapshot{network=fde67392-a8bf-4dc6-a688-2a6ab2a862b4, snapshot=e9f1c300-66fc-46ca-a7c1-c268008a9eca}, cache miss
*** DESERIALIZING VENDOR-INDEPENDENT CONFIGURATION STRUCTURES ***
Reading org.batfish.datamodel.Configuration 'ciscoasa' from '/data/containers/fde67392-a8bf-4dc6-a688-2a6ab2a862b4/snapshots/e9f1c300-66fc-46ca-a7c1-c268008a9eca/output/indep/ciscoasa'
Reading org.batfish.datamodel.Configuration 'after_summary_asa' from '/data/containers/fde67392-a8bf-4dc6-a688-2a6ab2a862b4/snapshots/e9f1c300-66fc-46ca-a7c1-c268008a9eca/output/indep/after_summary_asa'
Reading org.batfish.datamodel.Configuration 'asa_after_acl_summary' from '/data/containers/fde67392-a8bf-4dc6-a688-2a6ab2a862b4/snapshots/e9f1c300-66fc-46ca-a7c1-c268008a9eca/output/indep/asa_after_acl_summary'
Reading org.batfish.datamodel.Configuration 'n9kv-2' from '/data/containers/fde67392-a8bf-4dc6-a688-2a6ab2a862b4/snapshots/e9f1c300-66fc-46ca-a7c1-c268008a9eca/output/indep/n9kv-2'
Reading org.batfish.datamodel.Configuration 'n9kv-1' from '/data/containers/fde67392-a8bf-4dc6-a688-2a6ab2a862b4/snapshots/e9f1c300-66fc-46ca-a7c1-c268008a9eca/output/indep/n9kv-1'
Reading org.batfish.datamodel.Configuration 'asa_before_acl_summary' from '/data/containers/fde67392-a8bf-4dc6-a688-2a6ab2a862b4/snapshots/e9f1c300-66fc-46ca-a7c1-c268008a9eca/output/indep/asa_before_acl_summary'
Reading org.batfish.datamodel.Configuration 'before_summary_asa' from '/data/containers/fde67392-a8bf-4dc6-a688-2a6ab2a862b4/snapshots/e9f1c300-66fc-46ca-a7c1-c268008a9eca/output/indep/before_summary_asa'
Loaded configurations for NetworkSnapshot{network=fde67392-a8bf-4dc6-a688-2a6ab2a862b4, snapshot=e9f1c300-66fc-46ca-a7c1-c268008a9eca} off diskLoading configurations for NetworkSnapshot{network=fde67392-a8bf-4dc6-a688-2a6ab2a862b4, snapshot=e9f1c300-66fc-46ca-a7c1-c268008a9eca}
Loading configurations for NetworkSnapshot{network=fde67392-a8bf-4dc6-a688-2a6ab2a862b4, snapshot=e9f1c300-66fc-46ca-a7c1-c268008a9eca}
Loading configurations for NetworkSnapshot{network=fde67392-a8bf-4dc6-a688-2a6ab2a862b4, snapshot=e9f1c300-66fc-46ca-a7c1-c268008a9eca}
{
  "class" : "org.batfish.datamodel.answers.InitInfoAnswerElement",
  "parseStatus" : {
    "configs/ASA_after_acl_summary.cfg" : "PARTIALLY_UNRECOGNIZED",
    "configs/ASA_before_acl_summary.cfg" : "PARTIALLY_UNRECOGNIZED",
    "configs/N9kv-1.cfg" : "PARTIALLY_UNRECOGNIZED",
    "configs/N9kv-2.cfg" : "PARTIALLY_UNRECOGNIZED",
    "configs/after_summary_asa.cfg" : "PARTIALLY_UNRECOGNIZED",
    "configs/before_summary_asa.cfg" : "PARTIALLY_UNRECOGNIZED",
    "configs/ciscoasa.cfg" : "PARTIALLY_UNRECOGNIZED"
  }
}{"answerElements":[{"class":"org.batfish.datamodel.answers.InitInfoAnswerElement","parseStatus":{"configs/ASA_after_acl_summary.cfg":"PARTIALLY_UNRECOGNIZED","configs/ASA_before_acl_summary.cfg":"PARTIALLY_UNRECOGNIZED","configs/N9kv-1.cfg":"PARTIALLY_UNRECOGNIZED","configs/N9kv-2.cfg":"PARTIALLY_UNRECOGNIZED","configs/after_summary_asa.cfg":"PARTIALLY_UNRECOGNIZED","configs/before_summary_asa.cfg":"PARTIALLY_UNRECOGNIZED","configs/ciscoasa.cfg":"PARTIALLY_UNRECOGNIZED"}}],"status":"SUCCESS","summary":{"numFailed":0,"numPassed":0,"numResults":0}}