Loading configurations for NetworkSnapshot{network=0e1d6b10-953d-4b8b-a366-6fa1697fb04e, snapshot=24852f72-4803-40e4-b049-87642427c750}
Loading configurations for NetworkSnapshot{network=0e1d6b10-953d-4b8b-a366-6fa1697fb04e, snapshot=24852f72-4803-40e4-b049-87642427c750}
Loading configurations for NetworkSnapshot{network=0e1d6b10-953d-4b8b-a366-6fa1697fb04e, snapshot=24852f72-4803-40e4-b049-87642427c750}
Loading configurations for NetworkSnapshot{network=0e1d6b10-953d-4b8b-a366-6fa1697fb04e, snapshot=24852f72-4803-40e4-b049-87642427c750}
Loading configurations for NetworkSnapshot{network=0e1d6b10-953d-4b8b-a366-6fa1697fb04e, snapshot=24852f72-4803-40e4-b049-87642427c750}
Loading configurations for NetworkSnapshot{network=0e1d6b10-953d-4b8b-a366-6fa1697fb04e, snapshot=24852f72-4803-40e4-b049-87642427c750}
Loading configurations for NetworkSnapshot{network=0e1d6b10-953d-4b8b-a366-6fa1697fb04e, snapshot=24852f72-4803-40e4-b049-87642427c750}
Loading configurations for NetworkSnapshot{network=0e1d6b10-953d-4b8b-a366-6fa1697fb04e, snapshot=24852f72-4803-40e4-b049-87642427c750}
Loading configurations for NetworkSnapshot{network=0e1d6b10-953d-4b8b-a366-6fa1697fb04e, snapshot=24852f72-4803-40e4-b049-87642427c750}
Loading configurations for NetworkSnapshot{network=0e1d6b10-953d-4b8b-a366-6fa1697fb04e, snapshot=24852f72-4803-40e4-b049-87642427c750}
Loading configurations for NetworkSnapshot{network=0e1d6b10-953d-4b8b-a366-6fa1697fb04e, snapshot=24852f72-4803-40e4-b049-87642427c750}
Loading configurations for NetworkSnapshot{network=0e1d6b10-953d-4b8b-a366-6fa1697fb04e, snapshot=24852f72-4803-40e4-b049-87642427c750}
Loading configurations for NetworkSnapshot{network=0e1d6b10-953d-4b8b-a366-6fa1697fb04e, snapshot=24852f72-4803-40e4-b049-87642427c750}
Loading configurations for NetworkSnapshot{network=0e1d6b10-953d-4b8b-a366-6fa1697fb04e, snapshot=24852f72-4803-40e4-b049-87642427c750}
Loading configurations for NetworkSnapshot{network=0e1d6b10-953d-4b8b-a366-6fa1697fb04e, snapshot=24852f72-4803-40e4-b049-87642427c750}
Loading configurations for NetworkSnapshot{network=0e1d6b10-953d-4b8b-a366-6fa1697fb04e, snapshot=24852f72-4803-40e4-b049-87642427c750}
Loading configurations for NetworkSnapshot{network=0e1d6b10-953d-4b8b-a366-6fa1697fb04e, snapshot=24852f72-4803-40e4-b049-87642427c750}
Loading configurations for NetworkSnapshot{network=0e1d6b10-953d-4b8b-a366-6fa1697fb04e, snapshot=24852f72-4803-40e4-b049-87642427c750}
Loading configurations for NetworkSnapshot{network=0e1d6b10-953d-4b8b-a366-6fa1697fb04e, snapshot=24852f72-4803-40e4-b049-87642427c750}
Exception in container:0e1d6b10-953d-4b8b-a366-6fa1697fb04e, testrig:24852f72-4803-40e4-b049-87642427c750; exception:org.batfish.common.QuestionException: Exception answering question
	at org.batfish.datamodel.answers.Answer.append(Answer.java:46)
	at org.batfish.main.Batfish.run(Batfish.java:2347)
	at org.batfish.main.Driver.lambda$runBatfish$3(Driver.java:570)
	at java.lang.Thread.run(Thread.java:748)
Caused by: org.batfish.common.BatfishException: Failed to answer question
	at org.batfish.main.Batfish.answer(Batfish.java:642)
	... 3 more
Caused by: org.batfish.common.BatfishException: No matching filters
	at org.batfish.question.testfilters.TestFiltersAnswerer.getRows(TestFiltersAnswerer.java:236)
	at org.batfish.question.testfilters.TestFiltersAnswerer.answer(TestFiltersAnswerer.java:121)
	at org.batfish.question.testfilters.TestFiltersAnswerer.answer(TestFiltersAnswerer.java:57)
	at org.batfish.main.Batfish.answer(Batfish.java:639)
	... 3 more
{"answerElements":[{"class":"org.batfish.common.BatfishException$BatfishStackTrace","answer":["org.batfish.common.BatfishException: Failed to answer question","   at org.batfish.main.Batfish.answer(Batfish.java:642)","   at org.batfish.main.Batfish.run(Batfish.java:2347)","   at org.batfish.main.Driver.lambda$runBatfish$3(Driver.java:570)","   at java.lang.Thread.run(Thread.java:748)","Caused by: org.batfish.common.BatfishException: No matching filters","   at org.batfish.question.testfilters.TestFiltersAnswerer.getRows(TestFiltersAnswerer.java:236)","   at org.batfish.question.testfilters.TestFiltersAnswerer.answer(TestFiltersAnswerer.java:121)","   at org.batfish.question.testfilters.TestFiltersAnswerer.answer(TestFiltersAnswerer.java:57)","   at org.batfish.main.Batfish.answer(Batfish.java:639)","   ... 3 more",""]}],"question":{"class":"org.batfish.question.testfilters.TestFiltersQuestion","filters":"@out(GigabitEthernet0/0/3)","headers":{"applications":["http"],"dstIps":"10.114.60.10","srcIps":"10.114.64.1"},"nodes":".*","startLocation":"@enter(firewall[GigabitEthernet0/0/2])","differential":false,"includeOneTableKeys":true,"instance":{"description":"Returns how a flow is processed by a filter (ACLs, firewall rules).","instanceName":"__testFilters_39ec51bc-56e5-4023-9e1c-d6d1d6b5932b","longDescription":"Shows how the specified flow is processed through the specified filters, returning its permit/deny status as well as the line(s) it matched.","tags":["acl"],"variables":{"filters":{"description":"Only consider filters that match this specifier.","displayName":"Filters","optional":false,"type":"filterSpec","value":"@out(GigabitEthernet0/0/3)"},"headers":{"description":"Packet header constraints.","displayName":"Headers","fields":{"applications":{"optional":true,"type":"applicationSpec"},"dscps":{"optional":true},"dstIps":{"optional":false,"type":"ipSpaceSpec"},"dstPorts":{"optional":true},"ecns":{"optional":true},"flowStates":{"optional":true},"fragmentOffsets":{"optional":true},"icmpCodes":{"optional":true},"icmpTypes":{"optional":true},"ipProtocols":{"optional":true,"type":"ipProtocolSpec"},"packetLengths":{"optional":true},"srcIps":{"optional":true,"type":"ipSpaceSpec"},"srcPorts":{"optional":true},"tcpFlags":{"optional":true}},"optional":false,"type":"headerConstraint","value":{"applications":["http"],"dscps":null,"dstIps":"10.114.60.10","dstPorts":null,"ecns":null,"flowStates":null,"fragmentOffsets":null,"icmpCodes":null,"icmpTypes":null,"ipProtocols":null,"packetLengths":null,"srcIps":"10.114.64.1","srcPorts":null,"tcpFlags":null}},"nodes":{"description":"Only examine filters on nodes matching this specifier.","displayName":"Nodes","optional":false,"type":"nodeSpec","value":".*"},"startLocation":{"description":"Location to start tracing from.","displayName":"Start Location","minLength":1,"optional":true,"type":"string","value":"@enter(firewall[GigabitEthernet0/0/2])"}}}},"status":"FAILURE","summary":{"numFailed":0,"numPassed":0,"numResults":0}}