
*** READING DEVICE CONFIGURATION FILES ***
Reading: "/data/containers/3139d064-c015-4032-af91-74da44aea20f/snapshots/9046f136-45aa-4670-8b26-a9ef6373fbef/input/configs/ASA_after_acl_summary.cfg"
Reading: "/data/containers/3139d064-c015-4032-af91-74da44aea20f/snapshots/9046f136-45aa-4670-8b26-a9ef6373fbef/input/configs/ciscoasa.cfg"
Reading: "/data/containers/3139d064-c015-4032-af91-74da44aea20f/snapshots/9046f136-45aa-4670-8b26-a9ef6373fbef/input/configs/after_summary_asa.cfg"
Reading: "/data/containers/3139d064-c015-4032-af91-74da44aea20f/snapshots/9046f136-45aa-4670-8b26-a9ef6373fbef/input/configs/N9kv-2.cfg"
Reading: "/data/containers/3139d064-c015-4032-af91-74da44aea20f/snapshots/9046f136-45aa-4670-8b26-a9ef6373fbef/input/configs/before_summary_asa.cfg"
Reading: "/data/containers/3139d064-c015-4032-af91-74da44aea20f/snapshots/9046f136-45aa-4670-8b26-a9ef6373fbef/input/configs/N9kv-1.cfg"
Reading: "/data/containers/3139d064-c015-4032-af91-74da44aea20f/snapshots/9046f136-45aa-4670-8b26-a9ef6373fbef/input/configs/ASA_before_acl_summary.cfg"
Snapshot 9046f136-45aa-4670-8b26-a9ef6373fbef in network 3139d064-c015-4032-af91-74da44aea20f has total number of network configs:7
*** SERIALIZING VENDOR CONFIGURATION STRUCTURES ***
Time taken for this task: 0.056 seconds

*** DESERIALIZING VENDOR CONFIGURATION STRUCTURES ***
Reading and unzipping: org.batfish.datamodel.GenericConfigObject 'ciscoasa' from /data/containers/3139d064-c015-4032-af91-74da44aea20f/snapshots/9046f136-45aa-4670-8b26-a9ef6373fbef/output/vendor/ciscoasa
Reading and unzipping: org.batfish.datamodel.GenericConfigObject 'after_summary_asa' from /data/containers/3139d064-c015-4032-af91-74da44aea20f/snapshots/9046f136-45aa-4670-8b26-a9ef6373fbef/output/vendor/after_summary_asa
Reading and unzipping: org.batfish.datamodel.GenericConfigObject 'asa_after_acl_summary' from /data/containers/3139d064-c015-4032-af91-74da44aea20f/snapshots/9046f136-45aa-4670-8b26-a9ef6373fbef/output/vendor/asa_after_acl_summary
Reading and unzipping: org.batfish.datamodel.GenericConfigObject 'n9kv-2' from /data/containers/3139d064-c015-4032-af91-74da44aea20f/snapshots/9046f136-45aa-4670-8b26-a9ef6373fbef/output/vendor/n9kv-2
 ...OK
 ...OK
Reading and unzipping: org.batfish.datamodel.GenericConfigObject 'n9kv-1' from /data/containers/3139d064-c015-4032-af91-74da44aea20f/snapshots/9046f136-45aa-4670-8b26-a9ef6373fbef/output/vendor/n9kv-1
 ...OK
 ...OK
Reading and unzipping: org.batfish.datamodel.GenericConfigObject 'asa_before_acl_summary' from /data/containers/3139d064-c015-4032-af91-74da44aea20f/snapshots/9046f136-45aa-4670-8b26-a9ef6373fbef/output/vendor/asa_before_acl_summary
 ...OK
 ...OK
Reading and unzipping: org.batfish.datamodel.GenericConfigObject 'before_summary_asa' from /data/containers/3139d064-c015-4032-af91-74da44aea20f/snapshots/9046f136-45aa-4670-8b26-a9ef6373fbef/output/vendor/before_summary_asa
 ...OK
Time taken for this task: 0.053 seconds

*** CONVERTING VENDOR CONFIGURATIONS TO INDEPENDENT FORMAT ***
Processing: "before_summary_asa" ...OK
Job terminated successfully with result: [before_summary_asa] after elapsed time: 00:00:00.01 - 1/7 (14.3%) complete
Processing: "after_summary_asa" ...OK
Job terminated successfully with result: [after_summary_asa] after elapsed time: 00:00:00.01 - 2/7 (28.6%) complete
Processing: "n9kv-1" ...OK
Job terminated successfully with result: [n9kv-1] after elapsed time: 00:00:00.01 - 3/7 (42.9%) complete
Processing: "asa_before_acl_summary" ...OK
Job terminated successfully with result: [asa_before_acl_summary] after elapsed time: 00:00:00.03 - 4/7 (57.1%) complete
Processing: "n9kv-2" ...OK
Job terminated successfully with result: [n9kv-2] after elapsed time: 00:00:00.01 - 5/7 (71.4%) complete
Processing: "asa_after_acl_summary" ...OK
Job terminated successfully with result: [asa_after_acl_summary] after elapsed time: 00:00:00.00 - 6/7 (85.7%) complete
Processing: "ciscoasa" ...OK
Job terminated successfully with result: [ciscoasa] after elapsed time: 00:00:00.01 - 7/7 (100.0%) complete
Time taken for this task: 0.042 seconds

*** SERIALIZING 7 VENDOR-INDEPENDENT CONFIGURATION STRUCTURES FOR SNAPSHOT 9046F136-45AA-4670-8B26-A9EF6373FBEF***
Loading configurations for NetworkSnapshot{network=3139d064-c015-4032-af91-74da44aea20f, snapshot=9046f136-45aa-4670-8b26-a9ef6373fbef}
Loading configurations for NetworkSnapshot{network=3139d064-c015-4032-af91-74da44aea20f, snapshot=9046f136-45aa-4670-8b26-a9ef6373fbef}, cache miss
*** DESERIALIZING VENDOR-INDEPENDENT CONFIGURATION STRUCTURES ***
Reading org.batfish.datamodel.Configuration 'ciscoasa' from '/data/containers/3139d064-c015-4032-af91-74da44aea20f/snapshots/9046f136-45aa-4670-8b26-a9ef6373fbef/output/indep/ciscoasa'
Reading org.batfish.datamodel.Configuration 'after_summary_asa' from '/data/containers/3139d064-c015-4032-af91-74da44aea20f/snapshots/9046f136-45aa-4670-8b26-a9ef6373fbef/output/indep/after_summary_asa'
Reading org.batfish.datamodel.Configuration 'n9kv-2' from '/data/containers/3139d064-c015-4032-af91-74da44aea20f/snapshots/9046f136-45aa-4670-8b26-a9ef6373fbef/output/indep/n9kv-2'
Reading org.batfish.datamodel.Configuration 'asa_after_acl_summary' from '/data/containers/3139d064-c015-4032-af91-74da44aea20f/snapshots/9046f136-45aa-4670-8b26-a9ef6373fbef/output/indep/asa_after_acl_summary'
Reading org.batfish.datamodel.Configuration 'n9kv-1' from '/data/containers/3139d064-c015-4032-af91-74da44aea20f/snapshots/9046f136-45aa-4670-8b26-a9ef6373fbef/output/indep/n9kv-1'
Reading org.batfish.datamodel.Configuration 'asa_before_acl_summary' from '/data/containers/3139d064-c015-4032-af91-74da44aea20f/snapshots/9046f136-45aa-4670-8b26-a9ef6373fbef/output/indep/asa_before_acl_summary'
Reading org.batfish.datamodel.Configuration 'before_summary_asa' from '/data/containers/3139d064-c015-4032-af91-74da44aea20f/snapshots/9046f136-45aa-4670-8b26-a9ef6373fbef/output/indep/before_summary_asa'
Loaded configurations for NetworkSnapshot{network=3139d064-c015-4032-af91-74da44aea20f, snapshot=9046f136-45aa-4670-8b26-a9ef6373fbef} off diskLoading configurations for NetworkSnapshot{network=3139d064-c015-4032-af91-74da44aea20f, snapshot=9046f136-45aa-4670-8b26-a9ef6373fbef}
Loading configurations for NetworkSnapshot{network=3139d064-c015-4032-af91-74da44aea20f, snapshot=9046f136-45aa-4670-8b26-a9ef6373fbef}
Loading configurations for NetworkSnapshot{network=3139d064-c015-4032-af91-74da44aea20f, snapshot=9046f136-45aa-4670-8b26-a9ef6373fbef}
{
  "class" : "org.batfish.datamodel.answers.InitInfoAnswerElement",
  "parseStatus" : {
    "configs/ASA_after_acl_summary.cfg" : "PARTIALLY_UNRECOGNIZED",
    "configs/ASA_before_acl_summary.cfg" : "PARTIALLY_UNRECOGNIZED",
    "configs/N9kv-1.cfg" : "PARTIALLY_UNRECOGNIZED",
    "configs/N9kv-2.cfg" : "PARTIALLY_UNRECOGNIZED",
    "configs/after_summary_asa.cfg" : "PARTIALLY_UNRECOGNIZED",
    "configs/before_summary_asa.cfg" : "PARTIALLY_UNRECOGNIZED",
    "configs/ciscoasa.cfg" : "PARTIALLY_UNRECOGNIZED"
  }
}{"answerElements":[{"class":"org.batfish.datamodel.answers.InitInfoAnswerElement","parseStatus":{"configs/ASA_after_acl_summary.cfg":"PARTIALLY_UNRECOGNIZED","configs/ASA_before_acl_summary.cfg":"PARTIALLY_UNRECOGNIZED","configs/N9kv-1.cfg":"PARTIALLY_UNRECOGNIZED","configs/N9kv-2.cfg":"PARTIALLY_UNRECOGNIZED","configs/after_summary_asa.cfg":"PARTIALLY_UNRECOGNIZED","configs/before_summary_asa.cfg":"PARTIALLY_UNRECOGNIZED","configs/ciscoasa.cfg":"PARTIALLY_UNRECOGNIZED"}}],"status":"SUCCESS","summary":{"numFailed":0,"numPassed":0,"numResults":0}}