
*** READING DEVICE CONFIGURATION FILES ***
Reading: "/data/containers/fde67392-a8bf-4dc6-a688-2a6ab2a862b4/snapshots/72a513f2-ae14-496e-8194-f8dfefe2e99f/input/configs/ciscoasa.cfg"
Reading: "/data/containers/fde67392-a8bf-4dc6-a688-2a6ab2a862b4/snapshots/72a513f2-ae14-496e-8194-f8dfefe2e99f/input/configs/after_summary_asa.cfg"
Reading: "/data/containers/fde67392-a8bf-4dc6-a688-2a6ab2a862b4/snapshots/72a513f2-ae14-496e-8194-f8dfefe2e99f/input/configs/before_summary_asa.cfg"
Reading: "/data/containers/fde67392-a8bf-4dc6-a688-2a6ab2a862b4/snapshots/72a513f2-ae14-496e-8194-f8dfefe2e99f/input/configs/N9k-v1.cfg"
Snapshot 72a513f2-ae14-496e-8194-f8dfefe2e99f in network fde67392-a8bf-4dc6-a688-2a6ab2a862b4 has total number of network configs:4
*** SERIALIZING VENDOR CONFIGURATION STRUCTURES ***
Time taken for this task: 0.023 seconds

*** DESERIALIZING VENDOR CONFIGURATION STRUCTURES ***
Reading and unzipping: org.batfish.datamodel.GenericConfigObject 'before_summary_asa' from /data/containers/fde67392-a8bf-4dc6-a688-2a6ab2a862b4/snapshots/72a513f2-ae14-496e-8194-f8dfefe2e99f/output/vendor/before_summary_asa
Reading and unzipping: org.batfish.datamodel.GenericConfigObject 'after_summary_asa' from /data/containers/fde67392-a8bf-4dc6-a688-2a6ab2a862b4/snapshots/72a513f2-ae14-496e-8194-f8dfefe2e99f/output/vendor/after_summary_asa
 ...OK
Reading and unzipping: org.batfish.datamodel.GenericConfigObject 'ciscoasa' from /data/containers/fde67392-a8bf-4dc6-a688-2a6ab2a862b4/snapshots/72a513f2-ae14-496e-8194-f8dfefe2e99f/output/vendor/ciscoasa
 ...OK
Reading and unzipping: org.batfish.datamodel.GenericConfigObject 'n9kv-1' from /data/containers/fde67392-a8bf-4dc6-a688-2a6ab2a862b4/snapshots/72a513f2-ae14-496e-8194-f8dfefe2e99f/output/vendor/n9kv-1
 ...OK
 ...OK
Time taken for this task: 0.031 seconds

*** CONVERTING VENDOR CONFIGURATIONS TO INDEPENDENT FORMAT ***
Processing: "before_summary_asa" ...OK
Job terminated successfully with result: [before_summary_asa] after elapsed time: 00:00:00.00 - 1/4 (25.0%) complete
Processing: "n9kv-1" ...OK
Job terminated successfully with result: [n9kv-1] after elapsed time: 00:00:00.00 - 2/4 (50.0%) complete
Processing: "after_summary_asa" ...OK
Job terminated successfully with result: [after_summary_asa] after elapsed time: 00:00:00.00 - 3/4 (75.0%) complete
Processing: "ciscoasa" ...OK
Job terminated successfully with result: [ciscoasa] after elapsed time: 00:00:00.00 - 4/4 (100.0%) complete
Time taken for this task: 0.017 seconds

*** SERIALIZING 4 VENDOR-INDEPENDENT CONFIGURATION STRUCTURES FOR SNAPSHOT 72A513F2-AE14-496E-8194-F8DFEFE2E99F***
Loading configurations for NetworkSnapshot{network=fde67392-a8bf-4dc6-a688-2a6ab2a862b4, snapshot=72a513f2-ae14-496e-8194-f8dfefe2e99f}
Loading configurations for NetworkSnapshot{network=fde67392-a8bf-4dc6-a688-2a6ab2a862b4, snapshot=72a513f2-ae14-496e-8194-f8dfefe2e99f}, cache miss
*** DESERIALIZING VENDOR-INDEPENDENT CONFIGURATION STRUCTURES ***
Reading org.batfish.datamodel.Configuration 'before_summary_asa' from '/data/containers/fde67392-a8bf-4dc6-a688-2a6ab2a862b4/snapshots/72a513f2-ae14-496e-8194-f8dfefe2e99f/output/indep/before_summary_asa'
Reading org.batfish.datamodel.Configuration 'after_summary_asa' from '/data/containers/fde67392-a8bf-4dc6-a688-2a6ab2a862b4/snapshots/72a513f2-ae14-496e-8194-f8dfefe2e99f/output/indep/after_summary_asa'
Reading org.batfish.datamodel.Configuration 'ciscoasa' from '/data/containers/fde67392-a8bf-4dc6-a688-2a6ab2a862b4/snapshots/72a513f2-ae14-496e-8194-f8dfefe2e99f/output/indep/ciscoasa'
Reading org.batfish.datamodel.Configuration 'n9kv-1' from '/data/containers/fde67392-a8bf-4dc6-a688-2a6ab2a862b4/snapshots/72a513f2-ae14-496e-8194-f8dfefe2e99f/output/indep/n9kv-1'
Loaded configurations for NetworkSnapshot{network=fde67392-a8bf-4dc6-a688-2a6ab2a862b4, snapshot=72a513f2-ae14-496e-8194-f8dfefe2e99f} off diskLoading configurations for NetworkSnapshot{network=fde67392-a8bf-4dc6-a688-2a6ab2a862b4, snapshot=72a513f2-ae14-496e-8194-f8dfefe2e99f}
Loading configurations for NetworkSnapshot{network=fde67392-a8bf-4dc6-a688-2a6ab2a862b4, snapshot=72a513f2-ae14-496e-8194-f8dfefe2e99f}
Loading configurations for NetworkSnapshot{network=fde67392-a8bf-4dc6-a688-2a6ab2a862b4, snapshot=72a513f2-ae14-496e-8194-f8dfefe2e99f}
{
  "class" : "org.batfish.datamodel.answers.InitInfoAnswerElement",
  "parseStatus" : {
    "configs/N9k-v1.cfg" : "PASSED",
    "configs/after_summary_asa.cfg" : "PARTIALLY_UNRECOGNIZED",
    "configs/before_summary_asa.cfg" : "PARTIALLY_UNRECOGNIZED",
    "configs/ciscoasa.cfg" : "PARTIALLY_UNRECOGNIZED"
  }
}{"answerElements":[{"class":"org.batfish.datamodel.answers.InitInfoAnswerElement","parseStatus":{"configs/N9k-v1.cfg":"PASSED","configs/after_summary_asa.cfg":"PARTIALLY_UNRECOGNIZED","configs/before_summary_asa.cfg":"PARTIALLY_UNRECOGNIZED","configs/ciscoasa.cfg":"PARTIALLY_UNRECOGNIZED"}}],"status":"SUCCESS","summary":{"numFailed":0,"numPassed":0,"numResults":0}}