
*** READING HOST CONFIGS ***
Reading: "/data/containers/d845c1b6-495c-4784-b5c6-d43bae0bb62f/snapshots/81f1182b-6fe5-4764-b190-db7f1938fee5/input/hosts/host2.json"
Reading: "/data/containers/d845c1b6-495c-4784-b5c6-d43bae0bb62f/snapshots/81f1182b-6fe5-4764-b190-db7f1938fee5/input/hosts/host1.json"

*** PARSING VENDOR CONFIGURATION FILES ***
Processing: 'hosts/host2.json'
Job terminated successfully with result: <host2> after elapsed time: 00:00:00.54 - 1/2 (50.0%) complete
Processing: 'hosts/host1.json'
Job terminated successfully with result: <host1> after elapsed time: 00:00:00.54 - 2/2 (100.0%) complete
Time taken for this task: 0.552 seconds
Testrig:81f1182b-6fe5-4764-b190-db7f1938fee5 in container:d845c1b6-495c-4784-b5c6-d43bae0bb62f has total number of host configs:2
*** PARSING VENDOR CONFIGURATION FILES ***
Processing: 'iptables/host2.iptables'
	Parsing...OK
	Post-processing...OK
Job terminated successfully with result: <iptables/host2.iptables> after elapsed time: 00:00:00.31 - 1/2 (50.0%) complete
Processing: 'iptables/host1.iptables'
	Parsing...OK
	Post-processing...OK
Job terminated successfully with result: <iptables/host1.iptables> after elapsed time: 00:00:00.32 - 2/2 (100.0%) complete
Time taken for this task: 0.343 seconds

*** SERIALIZING VENDOR CONFIGURATION STRUCTURES ***
Time taken for this task: 0.041 seconds

*** READING DEVICE CONFIGURATION FILES ***
Reading: "/data/containers/d845c1b6-495c-4784-b5c6-d43bae0bb62f/snapshots/81f1182b-6fe5-4764-b190-db7f1938fee5/input/configs/as3border1.cfg"
Reading: "/data/containers/d845c1b6-495c-4784-b5c6-d43bae0bb62f/snapshots/81f1182b-6fe5-4764-b190-db7f1938fee5/input/configs/as1core1.cfg"
Reading: "/data/containers/d845c1b6-495c-4784-b5c6-d43bae0bb62f/snapshots/81f1182b-6fe5-4764-b190-db7f1938fee5/input/configs/as3border2.cfg"
Reading: "/data/containers/d845c1b6-495c-4784-b5c6-d43bae0bb62f/snapshots/81f1182b-6fe5-4764-b190-db7f1938fee5/input/configs/as1border1.cfg"
Reading: "/data/containers/d845c1b6-495c-4784-b5c6-d43bae0bb62f/snapshots/81f1182b-6fe5-4764-b190-db7f1938fee5/input/configs/as1border2.cfg"
Reading: "/data/containers/d845c1b6-495c-4784-b5c6-d43bae0bb62f/snapshots/81f1182b-6fe5-4764-b190-db7f1938fee5/input/configs/as2dist1.cfg"
Reading: "/data/containers/d845c1b6-495c-4784-b5c6-d43bae0bb62f/snapshots/81f1182b-6fe5-4764-b190-db7f1938fee5/input/configs/as3core1.cfg"
Reading: "/data/containers/d845c1b6-495c-4784-b5c6-d43bae0bb62f/snapshots/81f1182b-6fe5-4764-b190-db7f1938fee5/input/configs/as2core1.cfg"
Reading: "/data/containers/d845c1b6-495c-4784-b5c6-d43bae0bb62f/snapshots/81f1182b-6fe5-4764-b190-db7f1938fee5/input/configs/as2border1.cfg"
Reading: "/data/containers/d845c1b6-495c-4784-b5c6-d43bae0bb62f/snapshots/81f1182b-6fe5-4764-b190-db7f1938fee5/input/configs/as2dist2.cfg"
Reading: "/data/containers/d845c1b6-495c-4784-b5c6-d43bae0bb62f/snapshots/81f1182b-6fe5-4764-b190-db7f1938fee5/input/configs/as2core2.cfg"
Reading: "/data/containers/d845c1b6-495c-4784-b5c6-d43bae0bb62f/snapshots/81f1182b-6fe5-4764-b190-db7f1938fee5/input/configs/as2border2.cfg"
Reading: "/data/containers/d845c1b6-495c-4784-b5c6-d43bae0bb62f/snapshots/81f1182b-6fe5-4764-b190-db7f1938fee5/input/configs/as2dept1.cfg"
Reading: "/data/containers/d845c1b6-495c-4784-b5c6-d43bae0bb62f/snapshots/81f1182b-6fe5-4764-b190-db7f1938fee5/input/configs/ASA.cfg"
Snapshot 81f1182b-6fe5-4764-b190-db7f1938fee5 in network d845c1b6-495c-4784-b5c6-d43bae0bb62f has total number of network configs:14	Preprocessing...OK
	Parsing...OK
	Post-processing...OK
	Preprocessing...OK
	Parsing...OK
	Post-processing...OK
	Preprocessing...OK
	Parsing...OK
	Post-processing...OK
	Preprocessing...OK
	Parsing...OK
	Post-processing...OK
	Preprocessing...OK
	Parsing...OK
	Post-processing...OK
	Preprocessing...OK
	Parsing...OK
	Post-processing...OK
	Preprocessing...OK
	Parsing...OK
	Post-processing...OK
	Preprocessing...OK
	Parsing...OK
	Post-processing...OK
	Preprocessing...OK
	Parsing...OK
	Post-processing...OK
	Preprocessing...OK
	Parsing...OK
	Post-processing...OK
	Preprocessing...OK
	Parsing...OK
	Post-processing...OK
	Preprocessing...OK
	Parsing...OK
	Post-processing...OK
	Preprocessing...OK
	Parsing...OK
	Post-processing...OK
	Preprocessing...OK
	Parsing...OK
	Post-processing...OK

*** SERIALIZING VENDOR CONFIGURATION STRUCTURES ***
Time taken for this task: 0.065 seconds

*** DESERIALIZING VENDOR CONFIGURATION STRUCTURES ***
Reading and unzipping: org.batfish.datamodel.GenericConfigObject 'as2dist1' from /data/containers/d845c1b6-495c-4784-b5c6-d43bae0bb62f/snapshots/81f1182b-6fe5-4764-b190-db7f1938fee5/output/vendor/as2dist1
Reading and unzipping: org.batfish.datamodel.GenericConfigObject 'as2border2' from /data/containers/d845c1b6-495c-4784-b5c6-d43bae0bb62f/snapshots/81f1182b-6fe5-4764-b190-db7f1938fee5/output/vendor/as2border2
 ...OK
Reading and unzipping: org.batfish.datamodel.GenericConfigObject 'as2dist2' from /data/containers/d845c1b6-495c-4784-b5c6-d43bae0bb62f/snapshots/81f1182b-6fe5-4764-b190-db7f1938fee5/output/vendor/as2dist2
 ...OK
Reading and unzipping: org.batfish.datamodel.GenericConfigObject 'as2core1' from /data/containers/d845c1b6-495c-4784-b5c6-d43bae0bb62f/snapshots/81f1182b-6fe5-4764-b190-db7f1938fee5/output/vendor/as2core1
 ...OK
Reading and unzipping: org.batfish.datamodel.GenericConfigObject 'as3border1' from /data/containers/d845c1b6-495c-4784-b5c6-d43bae0bb62f/snapshots/81f1182b-6fe5-4764-b190-db7f1938fee5/output/vendor/as3border1
 ...OK
Reading and unzipping: org.batfish.datamodel.GenericConfigObject 'as2core2' from /data/containers/d845c1b6-495c-4784-b5c6-d43bae0bb62f/snapshots/81f1182b-6fe5-4764-b190-db7f1938fee5/output/vendor/as2core2
 ...OK
Reading and unzipping: org.batfish.datamodel.GenericConfigObject 'as2dept1' from /data/containers/d845c1b6-495c-4784-b5c6-d43bae0bb62f/snapshots/81f1182b-6fe5-4764-b190-db7f1938fee5/output/vendor/as2dept1
 ...OK
Reading and unzipping: org.batfish.datamodel.GenericConfigObject 'as3border2' from /data/containers/d845c1b6-495c-4784-b5c6-d43bae0bb62f/snapshots/81f1182b-6fe5-4764-b190-db7f1938fee5/output/vendor/as3border2
 ...OK
Reading and unzipping: org.batfish.datamodel.GenericConfigObject 'as1border1' from /data/containers/d845c1b6-495c-4784-b5c6-d43bae0bb62f/snapshots/81f1182b-6fe5-4764-b190-db7f1938fee5/output/vendor/as1border1
 ...OK
Reading and unzipping: org.batfish.datamodel.GenericConfigObject 'as3core1' from /data/containers/d845c1b6-495c-4784-b5c6-d43bae0bb62f/snapshots/81f1182b-6fe5-4764-b190-db7f1938fee5/output/vendor/as3core1
 ...OK
Reading and unzipping: org.batfish.datamodel.GenericConfigObject 'as1border2' from /data/containers/d845c1b6-495c-4784-b5c6-d43bae0bb62f/snapshots/81f1182b-6fe5-4764-b190-db7f1938fee5/output/vendor/as1border2
 ...OK
Reading and unzipping: org.batfish.datamodel.GenericConfigObject 'host1' from /data/containers/d845c1b6-495c-4784-b5c6-d43bae0bb62f/snapshots/81f1182b-6fe5-4764-b190-db7f1938fee5/output/vendor/host1
 ...OK
Reading and unzipping: org.batfish.datamodel.GenericConfigObject 'as1core1' from /data/containers/d845c1b6-495c-4784-b5c6-d43bae0bb62f/snapshots/81f1182b-6fe5-4764-b190-db7f1938fee5/output/vendor/as1core1
 ...OK
Reading and unzipping: org.batfish.datamodel.GenericConfigObject 'host2' from /data/containers/d845c1b6-495c-4784-b5c6-d43bae0bb62f/snapshots/81f1182b-6fe5-4764-b190-db7f1938fee5/output/vendor/host2
 ...OK
Reading and unzipping: org.batfish.datamodel.GenericConfigObject 'n9kv-1' from /data/containers/d845c1b6-495c-4784-b5c6-d43bae0bb62f/snapshots/81f1182b-6fe5-4764-b190-db7f1938fee5/output/vendor/n9kv-1
 ...OK
 ...OK
Reading and unzipping: org.batfish.datamodel.GenericConfigObject 'as2border1' from /data/containers/d845c1b6-495c-4784-b5c6-d43bae0bb62f/snapshots/81f1182b-6fe5-4764-b190-db7f1938fee5/output/vendor/as2border1
 ...OK
Time taken for this task: 0.101 seconds

*** CONVERTING VENDOR CONFIGURATIONS TO INDEPENDENT FORMAT ***
Processing: "as1core1" ...OK
Job terminated successfully with result: [as1core1] after elapsed time: 00:00:00.03 - 1/16 (6.3%) complete
Processing: "as3core1" ...OK
Job terminated successfully with result: [as3core1] after elapsed time: 00:00:00.03 - 2/16 (12.5%) complete
Processing: "as3border1" ...OK
Job terminated successfully with result: [as3border1] after elapsed time: 00:00:00.03 - 3/16 (18.8%) complete
Processing: "as2dept1" ...OK
Job terminated successfully with result: [as2dept1] after elapsed time: 00:00:00.00 - 4/16 (25.0%) complete
Processing: "as3border2" ...OK
Job terminated successfully with result: [as3border2] after elapsed time: 00:00:00.01 - 5/16 (31.3%) complete
Processing: "as1border1" ...OK
   MISCELLANEOUS: Could not determine update source for BGP neighbor: '3.2.2.2'
   MISCELLANEOUS: Could not determine update source for BGP neighbor: '5.6.7.8'
Job terminated successfully with result: [as1border1] after elapsed time: 00:00:00.00 - 6/16 (37.5%) complete
Processing: "as2dist1" ...OK
Job terminated successfully with result: [as2dist1] after elapsed time: 00:00:00.00 - 7/16 (43.8%) complete
Processing: "as2border2" ...OK
Job terminated successfully with result: [as2border2] after elapsed time: 00:00:00.00 - 8/16 (50.0%) complete
Processing: "as2border1" ...OK
Job terminated successfully with result: [as2border1] after elapsed time: 00:00:00.07 - 9/16 (56.3%) complete
Processing: "as2core2" ...OK
Job terminated successfully with result: [as2core2] after elapsed time: 00:00:00.00 - 10/16 (62.5%) complete
Processing: "n9kv-1" ...OK
Job terminated successfully with result: [n9kv-1] after elapsed time: 00:00:00.01 - 11/16 (68.8%) complete
Processing: "host1" ...OK
Job terminated successfully with result: [host1] after elapsed time: 00:00:00.02 - 12/16 (75.0%) complete
Processing: "host2" ...OK
Job terminated successfully with result: [host2] after elapsed time: 00:00:00.00 - 13/16 (81.3%) complete
Processing: "as2core1" ...OK
Job terminated successfully with result: [as2core1] after elapsed time: 00:00:00.00 - 14/16 (87.5%) complete
Processing: "as2dist2" ...OK
Job terminated successfully with result: [as2dist2] after elapsed time: 00:00:00.00 - 15/16 (93.8%) complete
Processing: "as1border2" ...OK
Job terminated successfully with result: [as1border2] after elapsed time: 00:00:00.00 - 16/16 (100.0%) complete
Time taken for this task: 0.145 seconds

*** SERIALIZING 16 VENDOR-INDEPENDENT CONFIGURATION STRUCTURES FOR SNAPSHOT 81F1182B-6FE5-4764-B190-DB7F1938FEE5***
Loading configurations for NetworkSnapshot{network=d845c1b6-495c-4784-b5c6-d43bae0bb62f, snapshot=81f1182b-6fe5-4764-b190-db7f1938fee5}
Loading configurations for NetworkSnapshot{network=d845c1b6-495c-4784-b5c6-d43bae0bb62f, snapshot=81f1182b-6fe5-4764-b190-db7f1938fee5}, cache miss
*** DESERIALIZING VENDOR-INDEPENDENT CONFIGURATION STRUCTURES ***
Reading org.batfish.datamodel.Configuration 'as2border2' from '/data/containers/d845c1b6-495c-4784-b5c6-d43bae0bb62f/snapshots/81f1182b-6fe5-4764-b190-db7f1938fee5/output/indep/as2border2'
Reading org.batfish.datamodel.Configuration 'as2dist1' from '/data/containers/d845c1b6-495c-4784-b5c6-d43bae0bb62f/snapshots/81f1182b-6fe5-4764-b190-db7f1938fee5/output/indep/as2dist1'
Reading org.batfish.datamodel.Configuration 'as2dist2' from '/data/containers/d845c1b6-495c-4784-b5c6-d43bae0bb62f/snapshots/81f1182b-6fe5-4764-b190-db7f1938fee5/output/indep/as2dist2'
Reading org.batfish.datamodel.Configuration 'as2core1' from '/data/containers/d845c1b6-495c-4784-b5c6-d43bae0bb62f/snapshots/81f1182b-6fe5-4764-b190-db7f1938fee5/output/indep/as2core1'
Reading org.batfish.datamodel.Configuration 'as3border1' from '/data/containers/d845c1b6-495c-4784-b5c6-d43bae0bb62f/snapshots/81f1182b-6fe5-4764-b190-db7f1938fee5/output/indep/as3border1'
Reading org.batfish.datamodel.Configuration 'as2core2' from '/data/containers/d845c1b6-495c-4784-b5c6-d43bae0bb62f/snapshots/81f1182b-6fe5-4764-b190-db7f1938fee5/output/indep/as2core2'
Reading org.batfish.datamodel.Configuration 'as3border2' from '/data/containers/d845c1b6-495c-4784-b5c6-d43bae0bb62f/snapshots/81f1182b-6fe5-4764-b190-db7f1938fee5/output/indep/as3border2'
Reading org.batfish.datamodel.Configuration 'as2dept1' from '/data/containers/d845c1b6-495c-4784-b5c6-d43bae0bb62f/snapshots/81f1182b-6fe5-4764-b190-db7f1938fee5/output/indep/as2dept1'
Reading org.batfish.datamodel.Configuration 'as3core1' from '/data/containers/d845c1b6-495c-4784-b5c6-d43bae0bb62f/snapshots/81f1182b-6fe5-4764-b190-db7f1938fee5/output/indep/as3core1'
Reading org.batfish.datamodel.Configuration 'as1border1' from '/data/containers/d845c1b6-495c-4784-b5c6-d43bae0bb62f/snapshots/81f1182b-6fe5-4764-b190-db7f1938fee5/output/indep/as1border1'
Reading org.batfish.datamodel.Configuration 'host1' from '/data/containers/d845c1b6-495c-4784-b5c6-d43bae0bb62f/snapshots/81f1182b-6fe5-4764-b190-db7f1938fee5/output/indep/host1'
Reading org.batfish.datamodel.Configuration 'as1border2' from '/data/containers/d845c1b6-495c-4784-b5c6-d43bae0bb62f/snapshots/81f1182b-6fe5-4764-b190-db7f1938fee5/output/indep/as1border2'
Reading org.batfish.datamodel.Configuration 'host2' from '/data/containers/d845c1b6-495c-4784-b5c6-d43bae0bb62f/snapshots/81f1182b-6fe5-4764-b190-db7f1938fee5/output/indep/host2'
Reading org.batfish.datamodel.Configuration 'as1core1' from '/data/containers/d845c1b6-495c-4784-b5c6-d43bae0bb62f/snapshots/81f1182b-6fe5-4764-b190-db7f1938fee5/output/indep/as1core1'
Reading org.batfish.datamodel.Configuration 'n9kv-1' from '/data/containers/d845c1b6-495c-4784-b5c6-d43bae0bb62f/snapshots/81f1182b-6fe5-4764-b190-db7f1938fee5/output/indep/n9kv-1'
Reading org.batfish.datamodel.Configuration 'as2border1' from '/data/containers/d845c1b6-495c-4784-b5c6-d43bae0bb62f/snapshots/81f1182b-6fe5-4764-b190-db7f1938fee5/output/indep/as2border1'
Loaded configurations for NetworkSnapshot{network=d845c1b6-495c-4784-b5c6-d43bae0bb62f, snapshot=81f1182b-6fe5-4764-b190-db7f1938fee5} off diskLoading configurations for NetworkSnapshot{network=d845c1b6-495c-4784-b5c6-d43bae0bb62f, snapshot=81f1182b-6fe5-4764-b190-db7f1938fee5}
Loading configurations for NetworkSnapshot{network=d845c1b6-495c-4784-b5c6-d43bae0bb62f, snapshot=81f1182b-6fe5-4764-b190-db7f1938fee5}
Loading configurations for NetworkSnapshot{network=d845c1b6-495c-4784-b5c6-d43bae0bb62f, snapshot=81f1182b-6fe5-4764-b190-db7f1938fee5}
{
  "class" : "org.batfish.datamodel.answers.InitInfoAnswerElement",
  "parseStatus" : {
    "configs/ASA.cfg" : "PASSED",
    "configs/as1border1.cfg" : "PASSED",
    "configs/as1border2.cfg" : "PASSED",
    "configs/as1core1.cfg" : "PASSED",
    "configs/as2border1.cfg" : "PASSED",
    "configs/as2border2.cfg" : "PASSED",
    "configs/as2core1.cfg" : "PASSED",
    "configs/as2core2.cfg" : "PASSED",
    "configs/as2dept1.cfg" : "PASSED",
    "configs/as2dist1.cfg" : "PASSED",
    "configs/as2dist2.cfg" : "PASSED",
    "configs/as3border1.cfg" : "PASSED",
    "configs/as3border2.cfg" : "PASSED",
    "configs/as3core1.cfg" : "PASSED",
    "hosts/host1.json" : "PASSED",
    "hosts/host2.json" : "PASSED",
    "iptables/host1.iptables" : "PASSED",
    "iptables/host2.iptables" : "PASSED"
  }
}{"answerElements":[{"class":"org.batfish.datamodel.answers.InitInfoAnswerElement","parseStatus":{"configs/ASA.cfg":"PASSED","configs/as1border1.cfg":"PASSED","configs/as1border2.cfg":"PASSED","configs/as1core1.cfg":"PASSED","configs/as2border1.cfg":"PASSED","configs/as2border2.cfg":"PASSED","configs/as2core1.cfg":"PASSED","configs/as2core2.cfg":"PASSED","configs/as2dept1.cfg":"PASSED","configs/as2dist1.cfg":"PASSED","configs/as2dist2.cfg":"PASSED","configs/as3border1.cfg":"PASSED","configs/as3border2.cfg":"PASSED","configs/as3core1.cfg":"PASSED","hosts/host1.json":"PASSED","hosts/host2.json":"PASSED","iptables/host1.iptables":"PASSED","iptables/host2.iptables":"PASSED"}}],"status":"SUCCESS","summary":{"numFailed":0,"numPassed":0,"numResults":0}}