
*** READING DEVICE CONFIGURATION FILES ***
Reading: "/data/containers/0e1d6b10-953d-4b8b-a366-6fa1697fb04e/snapshots/8f5846f5-c6ca-4726-9b38-1c1d2e53a225/input/configs/ASA_after_acl_summary.cfg"
Reading: "/data/containers/0e1d6b10-953d-4b8b-a366-6fa1697fb04e/snapshots/8f5846f5-c6ca-4726-9b38-1c1d2e53a225/input/configs/ciscoasa.cfg"
Reading: "/data/containers/0e1d6b10-953d-4b8b-a366-6fa1697fb04e/snapshots/8f5846f5-c6ca-4726-9b38-1c1d2e53a225/input/configs/after_summary_asa.cfg"
Reading: "/data/containers/0e1d6b10-953d-4b8b-a366-6fa1697fb04e/snapshots/8f5846f5-c6ca-4726-9b38-1c1d2e53a225/input/configs/N9kv-2.cfg"
Reading: "/data/containers/0e1d6b10-953d-4b8b-a366-6fa1697fb04e/snapshots/8f5846f5-c6ca-4726-9b38-1c1d2e53a225/input/configs/before_summary_asa.cfg"
Reading: "/data/containers/0e1d6b10-953d-4b8b-a366-6fa1697fb04e/snapshots/8f5846f5-c6ca-4726-9b38-1c1d2e53a225/input/configs/N9kv-1.cfg"
Reading: "/data/containers/0e1d6b10-953d-4b8b-a366-6fa1697fb04e/snapshots/8f5846f5-c6ca-4726-9b38-1c1d2e53a225/input/configs/ASA_before_acl_summary.cfg"
Snapshot 8f5846f5-c6ca-4726-9b38-1c1d2e53a225 in network 0e1d6b10-953d-4b8b-a366-6fa1697fb04e has total number of network configs:7
*** SERIALIZING VENDOR CONFIGURATION STRUCTURES ***
Time taken for this task: 0.041 seconds

*** DESERIALIZING VENDOR CONFIGURATION STRUCTURES ***
Reading and unzipping: org.batfish.datamodel.GenericConfigObject 'ciscoasa' from /data/containers/0e1d6b10-953d-4b8b-a366-6fa1697fb04e/snapshots/8f5846f5-c6ca-4726-9b38-1c1d2e53a225/output/vendor/ciscoasa
Reading and unzipping: org.batfish.datamodel.GenericConfigObject 'asa_after_acl_summary' from /data/containers/0e1d6b10-953d-4b8b-a366-6fa1697fb04e/snapshots/8f5846f5-c6ca-4726-9b38-1c1d2e53a225/output/vendor/asa_after_acl_summary
 ...OK
Reading and unzipping: org.batfish.datamodel.GenericConfigObject 'asa_before_acl_summary' from /data/containers/0e1d6b10-953d-4b8b-a366-6fa1697fb04e/snapshots/8f5846f5-c6ca-4726-9b38-1c1d2e53a225/output/vendor/asa_before_acl_summary
 ...OK
Reading and unzipping: org.batfish.datamodel.GenericConfigObject 'n9kv-1' from /data/containers/0e1d6b10-953d-4b8b-a366-6fa1697fb04e/snapshots/8f5846f5-c6ca-4726-9b38-1c1d2e53a225/output/vendor/n9kv-1
 ...OK
Reading and unzipping: org.batfish.datamodel.GenericConfigObject 'before_summary_asa' from /data/containers/0e1d6b10-953d-4b8b-a366-6fa1697fb04e/snapshots/8f5846f5-c6ca-4726-9b38-1c1d2e53a225/output/vendor/before_summary_asa
 ...OK
Reading and unzipping: org.batfish.datamodel.GenericConfigObject 'n9kv-2' from /data/containers/0e1d6b10-953d-4b8b-a366-6fa1697fb04e/snapshots/8f5846f5-c6ca-4726-9b38-1c1d2e53a225/output/vendor/n9kv-2
 ...OK
Reading and unzipping: org.batfish.datamodel.GenericConfigObject 'after_summary_asa' from /data/containers/0e1d6b10-953d-4b8b-a366-6fa1697fb04e/snapshots/8f5846f5-c6ca-4726-9b38-1c1d2e53a225/output/vendor/after_summary_asa
 ...OK
 ...OK
Time taken for this task: 0.065 seconds

*** CONVERTING VENDOR CONFIGURATIONS TO INDEPENDENT FORMAT ***
Processing: "after_summary_asa" ...OK
Job terminated successfully with result: [after_summary_asa] after elapsed time: 00:00:00.00 - 1/7 (14.3%) complete
Processing: "before_summary_asa" ...OK
Job terminated successfully with result: [before_summary_asa] after elapsed time: 00:00:00.00 - 2/7 (28.6%) complete
Processing: "asa_after_acl_summary" ...OK
Job terminated successfully with result: [asa_after_acl_summary] after elapsed time: 00:00:00.01 - 3/7 (42.9%) complete
Processing: "n9kv-2" ...OK
Job terminated successfully with result: [n9kv-2] after elapsed time: 00:00:00.01 - 4/7 (57.1%) complete
Processing: "ciscoasa" ...OK
Job terminated successfully with result: [ciscoasa] after elapsed time: 00:00:00.00 - 5/7 (71.4%) complete
Processing: "asa_before_acl_summary" ...OK
Job terminated successfully with result: [asa_before_acl_summary] after elapsed time: 00:00:00.00 - 6/7 (85.7%) complete
Processing: "n9kv-1" ...OK
Job terminated successfully with result: [n9kv-1] after elapsed time: 00:00:00.00 - 7/7 (100.0%) complete
Time taken for this task: 0.03 seconds

*** SERIALIZING 7 VENDOR-INDEPENDENT CONFIGURATION STRUCTURES FOR SNAPSHOT 8F5846F5-C6CA-4726-9B38-1C1D2E53A225***
Loading configurations for NetworkSnapshot{network=0e1d6b10-953d-4b8b-a366-6fa1697fb04e, snapshot=8f5846f5-c6ca-4726-9b38-1c1d2e53a225}
Loading configurations for NetworkSnapshot{network=0e1d6b10-953d-4b8b-a366-6fa1697fb04e, snapshot=8f5846f5-c6ca-4726-9b38-1c1d2e53a225}, cache miss
*** DESERIALIZING VENDOR-INDEPENDENT CONFIGURATION STRUCTURES ***
Reading org.batfish.datamodel.Configuration 'ciscoasa' from '/data/containers/0e1d6b10-953d-4b8b-a366-6fa1697fb04e/snapshots/8f5846f5-c6ca-4726-9b38-1c1d2e53a225/output/indep/ciscoasa'
Reading org.batfish.datamodel.Configuration 'asa_after_acl_summary' from '/data/containers/0e1d6b10-953d-4b8b-a366-6fa1697fb04e/snapshots/8f5846f5-c6ca-4726-9b38-1c1d2e53a225/output/indep/asa_after_acl_summary'
Reading org.batfish.datamodel.Configuration 'n9kv-1' from '/data/containers/0e1d6b10-953d-4b8b-a366-6fa1697fb04e/snapshots/8f5846f5-c6ca-4726-9b38-1c1d2e53a225/output/indep/n9kv-1'
Reading org.batfish.datamodel.Configuration 'asa_before_acl_summary' from '/data/containers/0e1d6b10-953d-4b8b-a366-6fa1697fb04e/snapshots/8f5846f5-c6ca-4726-9b38-1c1d2e53a225/output/indep/asa_before_acl_summary'
Reading org.batfish.datamodel.Configuration 'n9kv-2' from '/data/containers/0e1d6b10-953d-4b8b-a366-6fa1697fb04e/snapshots/8f5846f5-c6ca-4726-9b38-1c1d2e53a225/output/indep/n9kv-2'
Reading org.batfish.datamodel.Configuration 'after_summary_asa' from '/data/containers/0e1d6b10-953d-4b8b-a366-6fa1697fb04e/snapshots/8f5846f5-c6ca-4726-9b38-1c1d2e53a225/output/indep/after_summary_asa'
Reading org.batfish.datamodel.Configuration 'before_summary_asa' from '/data/containers/0e1d6b10-953d-4b8b-a366-6fa1697fb04e/snapshots/8f5846f5-c6ca-4726-9b38-1c1d2e53a225/output/indep/before_summary_asa'
Loaded configurations for NetworkSnapshot{network=0e1d6b10-953d-4b8b-a366-6fa1697fb04e, snapshot=8f5846f5-c6ca-4726-9b38-1c1d2e53a225} off diskLoading configurations for NetworkSnapshot{network=0e1d6b10-953d-4b8b-a366-6fa1697fb04e, snapshot=8f5846f5-c6ca-4726-9b38-1c1d2e53a225}
Loading configurations for NetworkSnapshot{network=0e1d6b10-953d-4b8b-a366-6fa1697fb04e, snapshot=8f5846f5-c6ca-4726-9b38-1c1d2e53a225}
Loading configurations for NetworkSnapshot{network=0e1d6b10-953d-4b8b-a366-6fa1697fb04e, snapshot=8f5846f5-c6ca-4726-9b38-1c1d2e53a225}
{
  "class" : "org.batfish.datamodel.answers.InitInfoAnswerElement",
  "parseStatus" : {
    "configs/ASA_after_acl_summary.cfg" : "PARTIALLY_UNRECOGNIZED",
    "configs/ASA_before_acl_summary.cfg" : "PARTIALLY_UNRECOGNIZED",
    "configs/N9kv-1.cfg" : "PARTIALLY_UNRECOGNIZED",
    "configs/N9kv-2.cfg" : "PARTIALLY_UNRECOGNIZED",
    "configs/after_summary_asa.cfg" : "PARTIALLY_UNRECOGNIZED",
    "configs/before_summary_asa.cfg" : "PARTIALLY_UNRECOGNIZED",
    "configs/ciscoasa.cfg" : "PARTIALLY_UNRECOGNIZED"
  }
}{"answerElements":[{"class":"org.batfish.datamodel.answers.InitInfoAnswerElement","parseStatus":{"configs/ASA_after_acl_summary.cfg":"PARTIALLY_UNRECOGNIZED","configs/ASA_before_acl_summary.cfg":"PARTIALLY_UNRECOGNIZED","configs/N9kv-1.cfg":"PARTIALLY_UNRECOGNIZED","configs/N9kv-2.cfg":"PARTIALLY_UNRECOGNIZED","configs/after_summary_asa.cfg":"PARTIALLY_UNRECOGNIZED","configs/before_summary_asa.cfg":"PARTIALLY_UNRECOGNIZED","configs/ciscoasa.cfg":"PARTIALLY_UNRECOGNIZED"}}],"status":"SUCCESS","summary":{"numFailed":0,"numPassed":0,"numResults":0}}