Loading configurations for NetworkSnapshot{network=fde67392-a8bf-4dc6-a688-2a6ab2a862b4, snapshot=05b861a5-b20a-4e5a-b221-1480e0f91ee3}

*** SERIALIZING ENVIRONMENT BGP TABLES ***
Time taken for this task: 0.001 seconds

*** SERIALIZING ENVIRONMENT ROUTING TABLES ***
Time taken for this task: 0.001 seconds
{
  "class" : "org.batfish.datamodel.answers.InitInfoAnswerElement",
  "parseStatus" : {
    "configs/ASA_after_acl_summary.cfg" : "PARTIALLY_UNRECOGNIZED",
    "configs/ASA_before_acl_summary.cfg" : "PARTIALLY_UNRECOGNIZED",
    "configs/N9kv-1.cfg" : "PARTIALLY_UNRECOGNIZED",
    "configs/N9kv-2.cfg" : "PARTIALLY_UNRECOGNIZED",
    "configs/after_summary_asa.cfg" : "PARTIALLY_UNRECOGNIZED",
    "configs/before_summary_asa.cfg" : "PARTIALLY_UNRECOGNIZED",
    "configs/ciscoasa.cfg" : "PARTIALLY_UNRECOGNIZED"
  },
  "warnings" : {
    "configs/ASA_after_acl_summary.cfg" : {
      "Parse warnings" : [
        {
          "Comment" : "This syntax is unrecognized",
          "Line" : 1,
          "Parser_Context" : "[cisco_configuration]",
          "Text" : "ciscoasa# show running-config"
        },
        {
          "Comment" : "This syntax is unrecognized",
          "Line" : 89,
          "Parser_Context" : "[cisco_configuration]",
          "Text" : "absolute start 00:00 01 January 2019 end 00:00 01 January 2020"
        },
        {
          "Comment" : "This syntax is unrecognized",
          "Line" : 92,
          "Parser_Context" : "[cisco_configuration]",
          "Text" : "absolute start 00:00 01 January 2019 end 00:00 01 January 2020"
        },
        {
          "Comment" : "This syntax is unrecognized",
          "Line" : 622,
          "Parser_Context" : "[ogs_service_object og_service s_object_group stanza cisco_configuration]",
          "Text" : "service-object icmp echo 1"
        },
        {
          "Comment" : "This syntax is unrecognized",
          "Line" : 625,
          "Parser_Context" : "[ogs_service_object og_service s_object_group stanza cisco_configuration]",
          "Text" : "service-object icmp echo 1"
        },
        {
          "Comment" : "This syntax is unrecognized",
          "Line" : 693,
          "Parser_Context" : "[ogs_service_object og_service s_object_group stanza cisco_configuration]",
          "Text" : "service-object icmp echo 1"
        },
        {
          "Comment" : "This syntax is unrecognized",
          "Line" : 1112,
          "Parser_Context" : "[stanza cisco_configuration]",
          "Text" : "access-list standard standard permit 10.0.20.0 255.255.254.0"
        },
        {
          "Comment" : "This syntax is unrecognized",
          "Line" : 1181,
          "Parser_Context" : "[aaa_authentication s_aaa stanza cisco_configuration]",
          "Text" : "aaa authentication login-history"
        }
      ],
      "Red flags" : [
        {
          "tag" : "MISCELLANEOUS",
          "text" : "Network object 'range' is not supported for access lists: range 12.0.0.10 12.0.0.20\n"
        }
      ]
    },
    "configs/ASA_before_acl_summary.cfg" : {
      "Parse warnings" : [
        {
          "Comment" : "This syntax is unrecognized",
          "Line" : 1,
          "Parser_Context" : "[cisco_configuration]",
          "Text" : "show running-config"
        },
        {
          "Comment" : "This syntax is unrecognized",
          "Line" : 89,
          "Parser_Context" : "[cisco_configuration]",
          "Text" : "absolute start 00:00 01 January 2019 end 00:00 01 January 2020"
        },
        {
          "Comment" : "This syntax is unrecognized",
          "Line" : 92,
          "Parser_Context" : "[cisco_configuration]",
          "Text" : "absolute start 00:00 01 January 2019 end 00:00 01 January 2020"
        },
        {
          "Comment" : "This syntax is unrecognized",
          "Line" : 622,
          "Parser_Context" : "[ogs_service_object og_service s_object_group stanza cisco_configuration]",
          "Text" : "service-object icmp echo 1"
        },
        {
          "Comment" : "This syntax is unrecognized",
          "Line" : 625,
          "Parser_Context" : "[ogs_service_object og_service s_object_group stanza cisco_configuration]",
          "Text" : "service-object icmp echo 1"
        },
        {
          "Comment" : "This syntax is unrecognized",
          "Line" : 693,
          "Parser_Context" : "[ogs_service_object og_service s_object_group stanza cisco_configuration]",
          "Text" : "service-object icmp echo 1"
        },
        {
          "Comment" : "This syntax is unrecognized",
          "Line" : 1193,
          "Parser_Context" : "[aaa_authentication s_aaa stanza cisco_configuration]",
          "Text" : "aaa authentication login-history"
        }
      ],
      "Red flags" : [
        {
          "tag" : "MISCELLANEOUS",
          "text" : "Network object 'range' is not supported for access lists: range 12.0.0.10 12.0.0.20\n"
        }
      ]
    },
    "configs/N9kv-1.cfg" : {
      "Parse warnings" : [
        {
          "Comment" : "This syntax is unrecognized",
          "Line" : 1,
          "Parser_Context" : "[cisco_configuration]",
          "Text" : "N9Kv-1# show running-config"
        }
      ]
    },
    "configs/N9kv-2.cfg" : {
      "Parse warnings" : [
        {
          "Comment" : "This syntax is unrecognized",
          "Line" : 1,
          "Parser_Context" : "[cisco_configuration]",
          "Text" : "N9Kv-2# show running-config"
        },
        {
          "Comment" : "This syntax is unrecognized",
          "Line" : 321,
          "Parser_Context" : "[cisco_configuration]",
          "Text" : "N9Kv-2#"
        }
      ]
    },
    "configs/after_summary_asa.cfg" : {
      "Parse warnings" : [
        {
          "Comment" : "This syntax is unrecognized",
          "Line" : 81,
          "Parser_Context" : "[cisco_configuration]",
          "Text" : "absolute start 00:00 01 January 2019 end 00:00 01 January 2020"
        },
        {
          "Comment" : "This syntax is unrecognized",
          "Line" : 84,
          "Parser_Context" : "[cisco_configuration]",
          "Text" : "absolute start 00:00 01 January 2019 end 00:00 01 January 2020"
        },
        {
          "Comment" : "This syntax is unrecognized",
          "Line" : 607,
          "Parser_Context" : "[ogs_service_object og_service s_object_group stanza cisco_configuration]",
          "Text" : "service-object icmp echo 1"
        },
        {
          "Comment" : "This syntax is unrecognized",
          "Line" : 610,
          "Parser_Context" : "[ogs_service_object og_service s_object_group stanza cisco_configuration]",
          "Text" : "service-object icmp echo 1"
        },
        {
          "Comment" : "This syntax is unrecognized",
          "Line" : 678,
          "Parser_Context" : "[ogs_service_object og_service s_object_group stanza cisco_configuration]",
          "Text" : "service-object icmp echo 1"
        },
        {
          "Comment" : "This syntax is unrecognized",
          "Line" : 1086,
          "Parser_Context" : "[stanza cisco_configuration]",
          "Text" : "access-list standard permit 10.20.0.0 255.255.254.0"
        },
        {
          "Comment" : "This syntax is unrecognized",
          "Line" : 1131,
          "Parser_Context" : "[aaa_authentication s_aaa stanza cisco_configuration]",
          "Text" : "aaa authentication login-history"
        }
      ],
      "Red flags" : [
        {
          "tag" : "MISCELLANEOUS",
          "text" : "Network object 'range' is not supported for access lists: range 12.0.0.10 12.0.0.20\n"
        }
      ]
    },
    "configs/before_summary_asa.cfg" : {
      "Parse warnings" : [
        {
          "Comment" : "This syntax is unrecognized",
          "Line" : 81,
          "Parser_Context" : "[cisco_configuration]",
          "Text" : "absolute start 00:00 01 January 2019 end 00:00 01 January 2020"
        },
        {
          "Comment" : "This syntax is unrecognized",
          "Line" : 84,
          "Parser_Context" : "[cisco_configuration]",
          "Text" : "absolute start 00:00 01 January 2019 end 00:00 01 January 2020"
        },
        {
          "Comment" : "This syntax is unrecognized",
          "Line" : 607,
          "Parser_Context" : "[ogs_service_object og_service s_object_group stanza cisco_configuration]",
          "Text" : "service-object icmp echo 1"
        },
        {
          "Comment" : "This syntax is unrecognized",
          "Line" : 610,
          "Parser_Context" : "[ogs_service_object og_service s_object_group stanza cisco_configuration]",
          "Text" : "service-object icmp echo 1"
        },
        {
          "Comment" : "This syntax is unrecognized",
          "Line" : 678,
          "Parser_Context" : "[ogs_service_object og_service s_object_group stanza cisco_configuration]",
          "Text" : "service-object icmp echo 1"
        },
        {
          "Comment" : "This syntax is unrecognized",
          "Line" : 1135,
          "Parser_Context" : "[aaa_authentication s_aaa stanza cisco_configuration]",
          "Text" : "aaa authentication login-history"
        }
      ],
      "Red flags" : [
        {
          "tag" : "MISCELLANEOUS",
          "text" : "Network object 'range' is not supported for access lists: range 12.0.0.10 12.0.0.20\n"
        }
      ]
    },
    "configs/ciscoasa.cfg" : {
      "Parse warnings" : [
        {
          "Comment" : "This syntax is unrecognized",
          "Line" : 88,
          "Parser_Context" : "[cisco_configuration]",
          "Text" : "absolute start 00:00 01 January 2019 end 00:00 01 January 2020"
        },
        {
          "Comment" : "This syntax is unrecognized",
          "Line" : 91,
          "Parser_Context" : "[cisco_configuration]",
          "Text" : "absolute start 00:00 01 January 2019 end 00:00 01 January 2020"
        },
        {
          "Comment" : "This syntax is unrecognized",
          "Line" : 621,
          "Parser_Context" : "[ogs_service_object og_service s_object_group stanza cisco_configuration]",
          "Text" : "service-object icmp echo 1"
        },
        {
          "Comment" : "This syntax is unrecognized",
          "Line" : 624,
          "Parser_Context" : "[ogs_service_object og_service s_object_group stanza cisco_configuration]",
          "Text" : "service-object icmp echo 1"
        },
        {
          "Comment" : "This syntax is unrecognized",
          "Line" : 692,
          "Parser_Context" : "[ogs_service_object og_service s_object_group stanza cisco_configuration]",
          "Text" : "service-object icmp echo 1"
        },
        {
          "Comment" : "This syntax is unrecognized",
          "Line" : 1216,
          "Parser_Context" : "[aaa_authentication s_aaa stanza cisco_configuration]",
          "Text" : "aaa authentication login-history"
        }
      ],
      "Red flags" : [
        {
          "tag" : "MISCELLANEOUS",
          "text" : "Network object 'range' is not supported for access lists: range 12.0.0.10 12.0.0.20\n"
        }
      ]
    }
  }
}{"answerElements":[{"class":"org.batfish.datamodel.answers.InitInfoAnswerElement","parseStatus":{"configs/ASA_after_acl_summary.cfg":"PARTIALLY_UNRECOGNIZED","configs/ASA_before_acl_summary.cfg":"PARTIALLY_UNRECOGNIZED","configs/N9kv-1.cfg":"PARTIALLY_UNRECOGNIZED","configs/N9kv-2.cfg":"PARTIALLY_UNRECOGNIZED","configs/after_summary_asa.cfg":"PARTIALLY_UNRECOGNIZED","configs/before_summary_asa.cfg":"PARTIALLY_UNRECOGNIZED","configs/ciscoasa.cfg":"PARTIALLY_UNRECOGNIZED"},"warnings":{"configs/ASA_after_acl_summary.cfg":{"Parse warnings":[{"Comment":"This syntax is unrecognized","Line":1,"Parser_Context":"[cisco_configuration]","Text":"ciscoasa# show running-config"},{"Comment":"This syntax is unrecognized","Line":89,"Parser_Context":"[cisco_configuration]","Text":"absolute start 00:00 01 January 2019 end 00:00 01 January 2020"},{"Comment":"This syntax is unrecognized","Line":92,"Parser_Context":"[cisco_configuration]","Text":"absolute start 00:00 01 January 2019 end 00:00 01 January 2020"},{"Comment":"This syntax is unrecognized","Line":622,"Parser_Context":"[ogs_service_object og_service s_object_group stanza cisco_configuration]","Text":"service-object icmp echo 1"},{"Comment":"This syntax is unrecognized","Line":625,"Parser_Context":"[ogs_service_object og_service s_object_group stanza cisco_configuration]","Text":"service-object icmp echo 1"},{"Comment":"This syntax is unrecognized","Line":693,"Parser_Context":"[ogs_service_object og_service s_object_group stanza cisco_configuration]","Text":"service-object icmp echo 1"},{"Comment":"This syntax is unrecognized","Line":1112,"Parser_Context":"[stanza cisco_configuration]","Text":"access-list standard standard permit 10.0.20.0 255.255.254.0"},{"Comment":"This syntax is unrecognized","Line":1181,"Parser_Context":"[aaa_authentication s_aaa stanza cisco_configuration]","Text":"aaa authentication login-history"}],"Red flags":[{"tag":"MISCELLANEOUS","text":"Network object 'range' is not supported for access lists: range 12.0.0.10 12.0.0.20\n"}]},"configs/ASA_before_acl_summary.cfg":{"Parse warnings":[{"Comment":"This syntax is unrecognized","Line":1,"Parser_Context":"[cisco_configuration]","Text":"show running-config"},{"Comment":"This syntax is unrecognized","Line":89,"Parser_Context":"[cisco_configuration]","Text":"absolute start 00:00 01 January 2019 end 00:00 01 January 2020"},{"Comment":"This syntax is unrecognized","Line":92,"Parser_Context":"[cisco_configuration]","Text":"absolute start 00:00 01 January 2019 end 00:00 01 January 2020"},{"Comment":"This syntax is unrecognized","Line":622,"Parser_Context":"[ogs_service_object og_service s_object_group stanza cisco_configuration]","Text":"service-object icmp echo 1"},{"Comment":"This syntax is unrecognized","Line":625,"Parser_Context":"[ogs_service_object og_service s_object_group stanza cisco_configuration]","Text":"service-object icmp echo 1"},{"Comment":"This syntax is unrecognized","Line":693,"Parser_Context":"[ogs_service_object og_service s_object_group stanza cisco_configuration]","Text":"service-object icmp echo 1"},{"Comment":"This syntax is unrecognized","Line":1193,"Parser_Context":"[aaa_authentication s_aaa stanza cisco_configuration]","Text":"aaa authentication login-history"}],"Red flags":[{"tag":"MISCELLANEOUS","text":"Network object 'range' is not supported for access lists: range 12.0.0.10 12.0.0.20\n"}]},"configs/N9kv-1.cfg":{"Parse warnings":[{"Comment":"This syntax is unrecognized","Line":1,"Parser_Context":"[cisco_configuration]","Text":"N9Kv-1# show running-config"}]},"configs/N9kv-2.cfg":{"Parse warnings":[{"Comment":"This syntax is unrecognized","Line":1,"Parser_Context":"[cisco_configuration]","Text":"N9Kv-2# show running-config"},{"Comment":"This syntax is unrecognized","Line":321,"Parser_Context":"[cisco_configuration]","Text":"N9Kv-2#"}]},"configs/after_summary_asa.cfg":{"Parse warnings":[{"Comment":"This syntax is unrecognized","Line":81,"Parser_Context":"[cisco_configuration]","Text":"absolute start 00:00 01 January 2019 end 00:00 01 January 2020"},{"Comment":"This syntax is unrecognized","Line":84,"Parser_Context":"[cisco_configuration]","Text":"absolute start 00:00 01 January 2019 end 00:00 01 January 2020"},{"Comment":"This syntax is unrecognized","Line":607,"Parser_Context":"[ogs_service_object og_service s_object_group stanza cisco_configuration]","Text":"service-object icmp echo 1"},{"Comment":"This syntax is unrecognized","Line":610,"Parser_Context":"[ogs_service_object og_service s_object_group stanza cisco_configuration]","Text":"service-object icmp echo 1"},{"Comment":"This syntax is unrecognized","Line":678,"Parser_Context":"[ogs_service_object og_service s_object_group stanza cisco_configuration]","Text":"service-object icmp echo 1"},{"Comment":"This syntax is unrecognized","Line":1086,"Parser_Context":"[stanza cisco_configuration]","Text":"access-list standard permit 10.20.0.0 255.255.254.0"},{"Comment":"This syntax is unrecognized","Line":1131,"Parser_Context":"[aaa_authentication s_aaa stanza cisco_configuration]","Text":"aaa authentication login-history"}],"Red flags":[{"tag":"MISCELLANEOUS","text":"Network object 'range' is not supported for access lists: range 12.0.0.10 12.0.0.20\n"}]},"configs/before_summary_asa.cfg":{"Parse warnings":[{"Comment":"This syntax is unrecognized","Line":81,"Parser_Context":"[cisco_configuration]","Text":"absolute start 00:00 01 January 2019 end 00:00 01 January 2020"},{"Comment":"This syntax is unrecognized","Line":84,"Parser_Context":"[cisco_configuration]","Text":"absolute start 00:00 01 January 2019 end 00:00 01 January 2020"},{"Comment":"This syntax is unrecognized","Line":607,"Parser_Context":"[ogs_service_object og_service s_object_group stanza cisco_configuration]","Text":"service-object icmp echo 1"},{"Comment":"This syntax is unrecognized","Line":610,"Parser_Context":"[ogs_service_object og_service s_object_group stanza cisco_configuration]","Text":"service-object icmp echo 1"},{"Comment":"This syntax is unrecognized","Line":678,"Parser_Context":"[ogs_service_object og_service s_object_group stanza cisco_configuration]","Text":"service-object icmp echo 1"},{"Comment":"This syntax is unrecognized","Line":1135,"Parser_Context":"[aaa_authentication s_aaa stanza cisco_configuration]","Text":"aaa authentication login-history"}],"Red flags":[{"tag":"MISCELLANEOUS","text":"Network object 'range' is not supported for access lists: range 12.0.0.10 12.0.0.20\n"}]},"configs/ciscoasa.cfg":{"Parse warnings":[{"Comment":"This syntax is unrecognized","Line":88,"Parser_Context":"[cisco_configuration]","Text":"absolute start 00:00 01 January 2019 end 00:00 01 January 2020"},{"Comment":"This syntax is unrecognized","Line":91,"Parser_Context":"[cisco_configuration]","Text":"absolute start 00:00 01 January 2019 end 00:00 01 January 2020"},{"Comment":"This syntax is unrecognized","Line":621,"Parser_Context":"[ogs_service_object og_service s_object_group stanza cisco_configuration]","Text":"service-object icmp echo 1"},{"Comment":"This syntax is unrecognized","Line":624,"Parser_Context":"[ogs_service_object og_service s_object_group stanza cisco_configuration]","Text":"service-object icmp echo 1"},{"Comment":"This syntax is unrecognized","Line":692,"Parser_Context":"[ogs_service_object og_service s_object_group stanza cisco_configuration]","Text":"service-object icmp echo 1"},{"Comment":"This syntax is unrecognized","Line":1216,"Parser_Context":"[aaa_authentication s_aaa stanza cisco_configuration]","Text":"aaa authentication login-history"}],"Red flags":[{"tag":"MISCELLANEOUS","text":"Network object 'range' is not supported for access lists: range 12.0.0.10 12.0.0.20\n"}]}}}],"question":{"class":"org.batfish.question.InitInfoQuestionPlugin$InitInfoQuestion","differential":false,"environmentBgpTables":false,"environmentRoutes":false,"includeOneTableKeys":true,"instance":{"instanceName":"__initInfo"},"summary":false,"verboseError":false},"status":"SUCCESS","summary":{"numFailed":0,"numPassed":0,"numResults":0}}