Loading configurations for NetworkSnapshot{network=d845c1b6-495c-4784-b5c6-d43bae0bb62f, snapshot=9277ab05-2fe9-4261-be20-b61d603efb76}

*** SERIALIZING ENVIRONMENT BGP TABLES ***
Time taken for this task: 0.002 seconds

*** SERIALIZING ENVIRONMENT ROUTING TABLES ***
Time taken for this task: 0.002 seconds
{
  "class" : "org.batfish.datamodel.answers.InitInfoAnswerElement",
  "parseStatus" : {
    "configs/ASA.cfg" : "PASSED",
    "configs/as1border1.cfg" : "PASSED",
    "configs/as1border2.cfg" : "PASSED",
    "configs/as1core1.cfg" : "PASSED",
    "configs/as2border1.cfg" : "PASSED",
    "configs/as2border2.cfg" : "PASSED",
    "configs/as2core1.cfg" : "PASSED",
    "configs/as2core2.cfg" : "PASSED",
    "configs/as2dept1.cfg" : "PASSED",
    "configs/as2dist1.cfg" : "PASSED",
    "configs/as2dist2.cfg" : "PASSED",
    "configs/as3border1.cfg" : "PASSED",
    "configs/as3border2.cfg" : "PASSED",
    "configs/as3core1.cfg" : "PASSED",
    "hosts/host1.json" : "PASSED",
    "hosts/host2.json" : "PASSED",
    "iptables/host1.iptables" : "PASSED",
    "iptables/host2.iptables" : "PASSED"
  },
  "warnings" : {
    "as1border1" : {
      "Red flags" : [
        {
          "tag" : "MISCELLANEOUS",
          "text" : "Could not determine update source for BGP neighbor: '3.2.2.2'"
        },
        {
          "tag" : "MISCELLANEOUS",
          "text" : "Could not determine update source for BGP neighbor: '5.6.7.8'"
        }
      ]
    }
  }
}{"answerElements":[{"class":"org.batfish.datamodel.answers.InitInfoAnswerElement","parseStatus":{"configs/ASA.cfg":"PASSED","configs/as1border1.cfg":"PASSED","configs/as1border2.cfg":"PASSED","configs/as1core1.cfg":"PASSED","configs/as2border1.cfg":"PASSED","configs/as2border2.cfg":"PASSED","configs/as2core1.cfg":"PASSED","configs/as2core2.cfg":"PASSED","configs/as2dept1.cfg":"PASSED","configs/as2dist1.cfg":"PASSED","configs/as2dist2.cfg":"PASSED","configs/as3border1.cfg":"PASSED","configs/as3border2.cfg":"PASSED","configs/as3core1.cfg":"PASSED","hosts/host1.json":"PASSED","hosts/host2.json":"PASSED","iptables/host1.iptables":"PASSED","iptables/host2.iptables":"PASSED"},"warnings":{"as1border1":{"Red flags":[{"tag":"MISCELLANEOUS","text":"Could not determine update source for BGP neighbor: '3.2.2.2'"},{"tag":"MISCELLANEOUS","text":"Could not determine update source for BGP neighbor: '5.6.7.8'"}]}}}],"question":{"class":"org.batfish.question.InitInfoQuestionPlugin$InitInfoQuestion","differential":false,"environmentBgpTables":false,"environmentRoutes":false,"includeOneTableKeys":true,"instance":{"instanceName":"__initInfo"},"summary":false,"verboseError":false},"status":"SUCCESS","summary":{"numFailed":0,"numPassed":0,"numResults":0}}