Loading configurations for NetworkSnapshot{network=fde67392-a8bf-4dc6-a688-2a6ab2a862b4, snapshot=bee3bf9e-4660-4eeb-a94d-a38ef1dd6106}

*** SERIALIZING ENVIRONMENT BGP TABLES ***
Time taken for this task: 0.004 seconds

*** SERIALIZING ENVIRONMENT ROUTING TABLES ***
Time taken for this task: 0.004 seconds
{
  "class" : "org.batfish.datamodel.answers.InitInfoAnswerElement",
  "parseStatus" : {
    "configs/ASA_acl2.cfg" : "PARTIALLY_UNRECOGNIZED",
    "configs/N9Kv-1.cfg" : "PASSED",
    "configs/N9Kv-2.cfg" : "PASSED"
  },
  "warnings" : {
    "configs/ASA_acl2.cfg" : {
      "Parse warnings" : [
        {
          "Comment" : "This syntax is unrecognized",
          "Line" : 81,
          "Parser_Context" : "[cisco_configuration]",
          "Text" : "absolute start 00:00 01 January 2019 end 00:00 01 January 2020"
        },
        {
          "Comment" : "This syntax is unrecognized",
          "Line" : 84,
          "Parser_Context" : "[cisco_configuration]",
          "Text" : "absolute start 00:00 01 January 2019 end 00:00 01 January 2020"
        },
        {
          "Comment" : "This syntax is unrecognized",
          "Line" : 607,
          "Parser_Context" : "[ogs_service_object og_service s_object_group stanza cisco_configuration]",
          "Text" : "service-object icmp echo 1"
        },
        {
          "Comment" : "This syntax is unrecognized",
          "Line" : 610,
          "Parser_Context" : "[ogs_service_object og_service s_object_group stanza cisco_configuration]",
          "Text" : "service-object icmp echo 1"
        },
        {
          "Comment" : "This syntax is unrecognized",
          "Line" : 678,
          "Parser_Context" : "[ogs_service_object og_service s_object_group stanza cisco_configuration]",
          "Text" : "service-object icmp echo 1"
        },
        {
          "Comment" : "This syntax is unrecognized",
          "Line" : 1161,
          "Parser_Context" : "[aaa_authentication s_aaa stanza cisco_configuration]",
          "Text" : "aaa authentication login-history"
        }
      ],
      "Red flags" : [
        {
          "tag" : "MISCELLANEOUS",
          "text" : "Network object 'range' is not supported for access lists: range 12.0.0.10 12.0.0.20\n"
        }
      ]
    }
  }
}{"answerElements":[{"class":"org.batfish.datamodel.answers.InitInfoAnswerElement","parseStatus":{"configs/ASA_acl2.cfg":"PARTIALLY_UNRECOGNIZED","configs/N9Kv-1.cfg":"PASSED","configs/N9Kv-2.cfg":"PASSED"},"warnings":{"configs/ASA_acl2.cfg":{"Parse warnings":[{"Comment":"This syntax is unrecognized","Line":81,"Parser_Context":"[cisco_configuration]","Text":"absolute start 00:00 01 January 2019 end 00:00 01 January 2020"},{"Comment":"This syntax is unrecognized","Line":84,"Parser_Context":"[cisco_configuration]","Text":"absolute start 00:00 01 January 2019 end 00:00 01 January 2020"},{"Comment":"This syntax is unrecognized","Line":607,"Parser_Context":"[ogs_service_object og_service s_object_group stanza cisco_configuration]","Text":"service-object icmp echo 1"},{"Comment":"This syntax is unrecognized","Line":610,"Parser_Context":"[ogs_service_object og_service s_object_group stanza cisco_configuration]","Text":"service-object icmp echo 1"},{"Comment":"This syntax is unrecognized","Line":678,"Parser_Context":"[ogs_service_object og_service s_object_group stanza cisco_configuration]","Text":"service-object icmp echo 1"},{"Comment":"This syntax is unrecognized","Line":1161,"Parser_Context":"[aaa_authentication s_aaa stanza cisco_configuration]","Text":"aaa authentication login-history"}],"Red flags":[{"tag":"MISCELLANEOUS","text":"Network object 'range' is not supported for access lists: range 12.0.0.10 12.0.0.20\n"}]}}}],"question":{"class":"org.batfish.question.InitInfoQuestionPlugin$InitInfoQuestion","differential":false,"environmentBgpTables":false,"environmentRoutes":false,"includeOneTableKeys":true,"instance":{"instanceName":"__initInfo"},"summary":false,"verboseError":false},"status":"SUCCESS","summary":{"numFailed":0,"numPassed":0,"numResults":0}}