
*** READING DEVICE CONFIGURATION FILES ***
Reading: "/data/containers/fde67392-a8bf-4dc6-a688-2a6ab2a862b4/snapshots/bee3bf9e-4660-4eeb-a94d-a38ef1dd6106/input/configs/ASA_acl2.cfg"
Reading: "/data/containers/fde67392-a8bf-4dc6-a688-2a6ab2a862b4/snapshots/bee3bf9e-4660-4eeb-a94d-a38ef1dd6106/input/configs/N9Kv-2.cfg"
Reading: "/data/containers/fde67392-a8bf-4dc6-a688-2a6ab2a862b4/snapshots/bee3bf9e-4660-4eeb-a94d-a38ef1dd6106/input/configs/N9Kv-1.cfg"
Snapshot bee3bf9e-4660-4eeb-a94d-a38ef1dd6106 in network fde67392-a8bf-4dc6-a688-2a6ab2a862b4 has total number of network configs:3	Preprocessing...OK
	Parsing...OK
	Post-processing...OK
   MISCELLANEOUS: Network object 'range' is not supported for access lists: range 12.0.0.10 12.0.0.20

	Preprocessing...OK
	Parsing...OK
	Post-processing...OK
	Preprocessing...OK
	Parsing...OK
	Post-processing...OK

*** SERIALIZING VENDOR CONFIGURATION STRUCTURES ***
Time taken for this task: 0.147 seconds

*** DESERIALIZING VENDOR CONFIGURATION STRUCTURES ***
Reading and unzipping: org.batfish.datamodel.GenericConfigObject 'n9kv-1' from /data/containers/fde67392-a8bf-4dc6-a688-2a6ab2a862b4/snapshots/bee3bf9e-4660-4eeb-a94d-a38ef1dd6106/output/vendor/n9kv-1
Reading and unzipping: org.batfish.datamodel.GenericConfigObject 'ciscoasa' from /data/containers/fde67392-a8bf-4dc6-a688-2a6ab2a862b4/snapshots/bee3bf9e-4660-4eeb-a94d-a38ef1dd6106/output/vendor/ciscoasa
 ...OK
Reading and unzipping: org.batfish.datamodel.GenericConfigObject 'n9kv-2' from /data/containers/fde67392-a8bf-4dc6-a688-2a6ab2a862b4/snapshots/bee3bf9e-4660-4eeb-a94d-a38ef1dd6106/output/vendor/n9kv-2
 ...OK
 ...OK
Time taken for this task: 0.155 seconds

*** CONVERTING VENDOR CONFIGURATIONS TO INDEPENDENT FORMAT ***
Processing: "n9kv-1" ...OK
Job terminated successfully with result: [n9kv-1] after elapsed time: 00:00:00.25 - 1/3 (33.3%) complete
Processing: "ciscoasa" ...OK
Job terminated successfully with result: [ciscoasa] after elapsed time: 00:00:00.26 - 2/3 (66.7%) complete
Processing: "n9kv-2" ...OK
Job terminated successfully with result: [n9kv-2] after elapsed time: 00:00:00.02 - 3/3 (100.0%) complete
Time taken for this task: 0.305 seconds

*** SERIALIZING 3 VENDOR-INDEPENDENT CONFIGURATION STRUCTURES FOR SNAPSHOT BEE3BF9E-4660-4EEB-A94D-A38EF1DD6106***
Loading configurations for NetworkSnapshot{network=fde67392-a8bf-4dc6-a688-2a6ab2a862b4, snapshot=bee3bf9e-4660-4eeb-a94d-a38ef1dd6106}
Loading configurations for NetworkSnapshot{network=fde67392-a8bf-4dc6-a688-2a6ab2a862b4, snapshot=bee3bf9e-4660-4eeb-a94d-a38ef1dd6106}, cache miss
*** DESERIALIZING VENDOR-INDEPENDENT CONFIGURATION STRUCTURES ***
Reading org.batfish.datamodel.Configuration 'ciscoasa' from '/data/containers/fde67392-a8bf-4dc6-a688-2a6ab2a862b4/snapshots/bee3bf9e-4660-4eeb-a94d-a38ef1dd6106/output/indep/ciscoasa'
Reading org.batfish.datamodel.Configuration 'n9kv-1' from '/data/containers/fde67392-a8bf-4dc6-a688-2a6ab2a862b4/snapshots/bee3bf9e-4660-4eeb-a94d-a38ef1dd6106/output/indep/n9kv-1'
Reading org.batfish.datamodel.Configuration 'n9kv-2' from '/data/containers/fde67392-a8bf-4dc6-a688-2a6ab2a862b4/snapshots/bee3bf9e-4660-4eeb-a94d-a38ef1dd6106/output/indep/n9kv-2'
Loaded configurations for NetworkSnapshot{network=fde67392-a8bf-4dc6-a688-2a6ab2a862b4, snapshot=bee3bf9e-4660-4eeb-a94d-a38ef1dd6106} off diskLoading configurations for NetworkSnapshot{network=fde67392-a8bf-4dc6-a688-2a6ab2a862b4, snapshot=bee3bf9e-4660-4eeb-a94d-a38ef1dd6106}
Loading configurations for NetworkSnapshot{network=fde67392-a8bf-4dc6-a688-2a6ab2a862b4, snapshot=bee3bf9e-4660-4eeb-a94d-a38ef1dd6106}
Loading configurations for NetworkSnapshot{network=fde67392-a8bf-4dc6-a688-2a6ab2a862b4, snapshot=bee3bf9e-4660-4eeb-a94d-a38ef1dd6106}
{
  "class" : "org.batfish.datamodel.answers.InitInfoAnswerElement",
  "parseStatus" : {
    "configs/ASA_acl2.cfg" : "PARTIALLY_UNRECOGNIZED",
    "configs/N9Kv-1.cfg" : "PASSED",
    "configs/N9Kv-2.cfg" : "PASSED"
  }
}{"answerElements":[{"class":"org.batfish.datamodel.answers.InitInfoAnswerElement","parseStatus":{"configs/ASA_acl2.cfg":"PARTIALLY_UNRECOGNIZED","configs/N9Kv-1.cfg":"PASSED","configs/N9Kv-2.cfg":"PASSED"}}],"status":"SUCCESS","summary":{"numFailed":0,"numPassed":0,"numResults":0}}