
*** READING DEVICE CONFIGURATION FILES ***
Reading: "/data/containers/fde67392-a8bf-4dc6-a688-2a6ab2a862b4/snapshots/5d2cdc76-9b42-43c2-a55f-6d7b4c701ecd/input/configs/firewall.cfg"
Reading: "/data/containers/fde67392-a8bf-4dc6-a688-2a6ab2a862b4/snapshots/5d2cdc76-9b42-43c2-a55f-6d7b4c701ecd/input/configs/rtr-with-acl.cfg"
Snapshot 5d2cdc76-9b42-43c2-a55f-6d7b4c701ecd in network fde67392-a8bf-4dc6-a688-2a6ab2a862b4 has total number of network configs:2	Preprocessing...OK
	Parsing...OK
	Post-processing...OK
	Preprocessing...OK
	Parsing...OK
	Post-processing...OK

*** SERIALIZING VENDOR CONFIGURATION STRUCTURES ***
Time taken for this task: 0.014 seconds

*** DESERIALIZING VENDOR CONFIGURATION STRUCTURES ***
Reading and unzipping: org.batfish.datamodel.GenericConfigObject 'firewall' from /data/containers/fde67392-a8bf-4dc6-a688-2a6ab2a862b4/snapshots/5d2cdc76-9b42-43c2-a55f-6d7b4c701ecd/output/vendor/firewall
 ...OK
Reading and unzipping: org.batfish.datamodel.GenericConfigObject 'rtr-with-acl' from /data/containers/fde67392-a8bf-4dc6-a688-2a6ab2a862b4/snapshots/5d2cdc76-9b42-43c2-a55f-6d7b4c701ecd/output/vendor/rtr-with-acl
 ...OK
Time taken for this task: 0.045 seconds

*** CONVERTING VENDOR CONFIGURATIONS TO INDEPENDENT FORMAT ***
Processing: "rtr-with-acl" ...OK
Job terminated successfully with result: [rtr-with-acl] after elapsed time: 00:00:00.00 - 1/2 (50.0%) complete
Processing: "firewall" ...OK
Job terminated successfully with result: [firewall] after elapsed time: 00:00:00.03 - 2/2 (100.0%) complete
Time taken for this task: 0.043 seconds

*** SERIALIZING 2 VENDOR-INDEPENDENT CONFIGURATION STRUCTURES FOR SNAPSHOT 5D2CDC76-9B42-43C2-A55F-6D7B4C701ECD***
Loading configurations for NetworkSnapshot{network=fde67392-a8bf-4dc6-a688-2a6ab2a862b4, snapshot=5d2cdc76-9b42-43c2-a55f-6d7b4c701ecd}
Loading configurations for NetworkSnapshot{network=fde67392-a8bf-4dc6-a688-2a6ab2a862b4, snapshot=5d2cdc76-9b42-43c2-a55f-6d7b4c701ecd}, cache miss
*** DESERIALIZING VENDOR-INDEPENDENT CONFIGURATION STRUCTURES ***
Reading org.batfish.datamodel.Configuration 'firewall' from '/data/containers/fde67392-a8bf-4dc6-a688-2a6ab2a862b4/snapshots/5d2cdc76-9b42-43c2-a55f-6d7b4c701ecd/output/indep/firewall'
Reading org.batfish.datamodel.Configuration 'rtr-with-acl' from '/data/containers/fde67392-a8bf-4dc6-a688-2a6ab2a862b4/snapshots/5d2cdc76-9b42-43c2-a55f-6d7b4c701ecd/output/indep/rtr-with-acl'
Loaded configurations for NetworkSnapshot{network=fde67392-a8bf-4dc6-a688-2a6ab2a862b4, snapshot=5d2cdc76-9b42-43c2-a55f-6d7b4c701ecd} off diskLoading configurations for NetworkSnapshot{network=fde67392-a8bf-4dc6-a688-2a6ab2a862b4, snapshot=5d2cdc76-9b42-43c2-a55f-6d7b4c701ecd}
Loading configurations for NetworkSnapshot{network=fde67392-a8bf-4dc6-a688-2a6ab2a862b4, snapshot=5d2cdc76-9b42-43c2-a55f-6d7b4c701ecd}
Loading configurations for NetworkSnapshot{network=fde67392-a8bf-4dc6-a688-2a6ab2a862b4, snapshot=5d2cdc76-9b42-43c2-a55f-6d7b4c701ecd}
{
  "class" : "org.batfish.datamodel.answers.InitInfoAnswerElement",
  "parseStatus" : {
    "configs/firewall.cfg" : "PASSED",
    "configs/rtr-with-acl.cfg" : "PASSED"
  }
}{"answerElements":[{"class":"org.batfish.datamodel.answers.InitInfoAnswerElement","parseStatus":{"configs/firewall.cfg":"PASSED","configs/rtr-with-acl.cfg":"PASSED"}}],"status":"SUCCESS","summary":{"numFailed":0,"numPassed":0,"numResults":0}}