
*** READING DEVICE CONFIGURATION FILES ***
Reading: "/data/containers/0e1d6b10-953d-4b8b-a366-6fa1697fb04e/snapshots/0876fe6a-d6d5-40f9-8e6b-a8523ac2f613/input/configs/ASA_after_acl_summary.cfg"
Reading: "/data/containers/0e1d6b10-953d-4b8b-a366-6fa1697fb04e/snapshots/0876fe6a-d6d5-40f9-8e6b-a8523ac2f613/input/configs/ciscoasa.cfg"
Reading: "/data/containers/0e1d6b10-953d-4b8b-a366-6fa1697fb04e/snapshots/0876fe6a-d6d5-40f9-8e6b-a8523ac2f613/input/configs/after_summary_asa.cfg"
Reading: "/data/containers/0e1d6b10-953d-4b8b-a366-6fa1697fb04e/snapshots/0876fe6a-d6d5-40f9-8e6b-a8523ac2f613/input/configs/N9kv-2.cfg"
Reading: "/data/containers/0e1d6b10-953d-4b8b-a366-6fa1697fb04e/snapshots/0876fe6a-d6d5-40f9-8e6b-a8523ac2f613/input/configs/before_summary_asa.cfg"
Reading: "/data/containers/0e1d6b10-953d-4b8b-a366-6fa1697fb04e/snapshots/0876fe6a-d6d5-40f9-8e6b-a8523ac2f613/input/configs/N9kv-1.cfg"
Reading: "/data/containers/0e1d6b10-953d-4b8b-a366-6fa1697fb04e/snapshots/0876fe6a-d6d5-40f9-8e6b-a8523ac2f613/input/configs/ASA_before_acl_summary.cfg"
Snapshot 0876fe6a-d6d5-40f9-8e6b-a8523ac2f613 in network 0e1d6b10-953d-4b8b-a366-6fa1697fb04e has total number of network configs:7	Preprocessing...OK
	Parsing...OK
	Post-processing...OK
   MISCELLANEOUS: Network object 'range' is not supported for access lists: range 12.0.0.10 12.0.0.20

	Preprocessing...OK
	Parsing...OK
	Post-processing...OK
   MISCELLANEOUS: Network object 'range' is not supported for access lists: range 12.0.0.10 12.0.0.20

	Preprocessing...OK
	Parsing...OK
	Post-processing...OK
	Preprocessing...OK
	Parsing...OK
	Post-processing...OK
	Preprocessing...OK
	Parsing...OK
	Post-processing...OK
   MISCELLANEOUS: Network object 'range' is not supported for access lists: range 12.0.0.10 12.0.0.20

	Preprocessing...OK
	Parsing...OK
	Post-processing...OK
   MISCELLANEOUS: Network object 'range' is not supported for access lists: range 12.0.0.10 12.0.0.20

	Preprocessing...OK
	Parsing...OK
	Post-processing...OK
   MISCELLANEOUS: Network object 'range' is not supported for access lists: range 12.0.0.10 12.0.0.20


*** SERIALIZING VENDOR CONFIGURATION STRUCTURES ***
Time taken for this task: 0.093 seconds

*** DESERIALIZING VENDOR CONFIGURATION STRUCTURES ***
Reading and unzipping: org.batfish.datamodel.GenericConfigObject 'before_summary_asa' from /data/containers/0e1d6b10-953d-4b8b-a366-6fa1697fb04e/snapshots/0876fe6a-d6d5-40f9-8e6b-a8523ac2f613/output/vendor/before_summary_asa
Reading and unzipping: org.batfish.datamodel.GenericConfigObject 'ciscoasa' from /data/containers/0e1d6b10-953d-4b8b-a366-6fa1697fb04e/snapshots/0876fe6a-d6d5-40f9-8e6b-a8523ac2f613/output/vendor/ciscoasa
 ...OK
Reading and unzipping: org.batfish.datamodel.GenericConfigObject 'after_summary_asa' from /data/containers/0e1d6b10-953d-4b8b-a366-6fa1697fb04e/snapshots/0876fe6a-d6d5-40f9-8e6b-a8523ac2f613/output/vendor/after_summary_asa
 ...OK
Reading and unzipping: org.batfish.datamodel.GenericConfigObject 'ciscoasa__configs__ASA_after_acl_summary.cfg' from /data/containers/0e1d6b10-953d-4b8b-a366-6fa1697fb04e/snapshots/0876fe6a-d6d5-40f9-8e6b-a8523ac2f613/output/vendor/ciscoasa__configs__ASA_after_acl_summary.cfg
 ...OK
Reading and unzipping: org.batfish.datamodel.GenericConfigObject 'ciscoasa__configs__ASA_before_acl_summary.cfg' from /data/containers/0e1d6b10-953d-4b8b-a366-6fa1697fb04e/snapshots/0876fe6a-d6d5-40f9-8e6b-a8523ac2f613/output/vendor/ciscoasa__configs__ASA_before_acl_summary.cfg
 ...OK
Reading and unzipping: org.batfish.datamodel.GenericConfigObject 'n9kv-1' from /data/containers/0e1d6b10-953d-4b8b-a366-6fa1697fb04e/snapshots/0876fe6a-d6d5-40f9-8e6b-a8523ac2f613/output/vendor/n9kv-1
 ...OK
Reading and unzipping: org.batfish.datamodel.GenericConfigObject 'n9kv-2' from /data/containers/0e1d6b10-953d-4b8b-a366-6fa1697fb04e/snapshots/0876fe6a-d6d5-40f9-8e6b-a8523ac2f613/output/vendor/n9kv-2
 ...OK
 ...OK
Time taken for this task: 1.825 seconds

*** CONVERTING VENDOR CONFIGURATIONS TO INDEPENDENT FORMAT ***
Processing: "ciscoasa__configs__ASA_before_acl_summary.cfg" ...OK
Job terminated successfully with result: [ciscoasa__configs__asa_before_acl_summary.cfg] after elapsed time: 00:00:00.01 - 1/7 (14.3%) complete
Processing: "ciscoasa__configs__ASA_after_acl_summary.cfg" ...OK
Job terminated successfully with result: [ciscoasa__configs__asa_after_acl_summary.cfg] after elapsed time: 00:00:00.16 - 2/7 (28.6%) complete
Processing: "n9kv-2" ...OK
Job terminated successfully with result: [n9kv-2] after elapsed time: 00:00:00.18 - 3/7 (42.9%) complete
Processing: "before_summary_asa" ...OK
Job terminated successfully with result: [before_summary_asa] after elapsed time: 00:00:00.00 - 4/7 (57.1%) complete
Processing: "after_summary_asa" ...OK
Job terminated successfully with result: [after_summary_asa] after elapsed time: 00:00:00.01 - 5/7 (71.4%) complete
Processing: "n9kv-1" ...OK
Job terminated successfully with result: [n9kv-1] after elapsed time: 00:00:00.01 - 6/7 (85.7%) complete
Processing: "ciscoasa" ...OK
Job terminated successfully with result: [ciscoasa] after elapsed time: 00:00:00.02 - 7/7 (100.0%) complete
Time taken for this task: 0.237 seconds

*** SERIALIZING 7 VENDOR-INDEPENDENT CONFIGURATION STRUCTURES FOR SNAPSHOT 0876FE6A-D6D5-40F9-8E6B-A8523AC2F613***
Loading configurations for NetworkSnapshot{network=0e1d6b10-953d-4b8b-a366-6fa1697fb04e, snapshot=0876fe6a-d6d5-40f9-8e6b-a8523ac2f613}
Loading configurations for NetworkSnapshot{network=0e1d6b10-953d-4b8b-a366-6fa1697fb04e, snapshot=0876fe6a-d6d5-40f9-8e6b-a8523ac2f613}, cache miss
*** DESERIALIZING VENDOR-INDEPENDENT CONFIGURATION STRUCTURES ***
Reading org.batfish.datamodel.Configuration 'ciscoasa' from '/data/containers/0e1d6b10-953d-4b8b-a366-6fa1697fb04e/snapshots/0876fe6a-d6d5-40f9-8e6b-a8523ac2f613/output/indep/ciscoasa'
Reading org.batfish.datamodel.Configuration 'before_summary_asa' from '/data/containers/0e1d6b10-953d-4b8b-a366-6fa1697fb04e/snapshots/0876fe6a-d6d5-40f9-8e6b-a8523ac2f613/output/indep/before_summary_asa'
Reading org.batfish.datamodel.Configuration 'ciscoasa__configs__asa_after_acl_summary.cfg' from '/data/containers/0e1d6b10-953d-4b8b-a366-6fa1697fb04e/snapshots/0876fe6a-d6d5-40f9-8e6b-a8523ac2f613/output/indep/ciscoasa__configs__asa_after_acl_summary.cfg'
Reading org.batfish.datamodel.Configuration 'after_summary_asa' from '/data/containers/0e1d6b10-953d-4b8b-a366-6fa1697fb04e/snapshots/0876fe6a-d6d5-40f9-8e6b-a8523ac2f613/output/indep/after_summary_asa'
Reading org.batfish.datamodel.Configuration 'ciscoasa__configs__asa_before_acl_summary.cfg' from '/data/containers/0e1d6b10-953d-4b8b-a366-6fa1697fb04e/snapshots/0876fe6a-d6d5-40f9-8e6b-a8523ac2f613/output/indep/ciscoasa__configs__asa_before_acl_summary.cfg'
Reading org.batfish.datamodel.Configuration 'n9kv-1' from '/data/containers/0e1d6b10-953d-4b8b-a366-6fa1697fb04e/snapshots/0876fe6a-d6d5-40f9-8e6b-a8523ac2f613/output/indep/n9kv-1'
Reading org.batfish.datamodel.Configuration 'n9kv-2' from '/data/containers/0e1d6b10-953d-4b8b-a366-6fa1697fb04e/snapshots/0876fe6a-d6d5-40f9-8e6b-a8523ac2f613/output/indep/n9kv-2'
Loaded configurations for NetworkSnapshot{network=0e1d6b10-953d-4b8b-a366-6fa1697fb04e, snapshot=0876fe6a-d6d5-40f9-8e6b-a8523ac2f613} off diskLoading configurations for NetworkSnapshot{network=0e1d6b10-953d-4b8b-a366-6fa1697fb04e, snapshot=0876fe6a-d6d5-40f9-8e6b-a8523ac2f613}
Loading configurations for NetworkSnapshot{network=0e1d6b10-953d-4b8b-a366-6fa1697fb04e, snapshot=0876fe6a-d6d5-40f9-8e6b-a8523ac2f613}
Loading configurations for NetworkSnapshot{network=0e1d6b10-953d-4b8b-a366-6fa1697fb04e, snapshot=0876fe6a-d6d5-40f9-8e6b-a8523ac2f613}
{
  "class" : "org.batfish.datamodel.answers.InitInfoAnswerElement",
  "parseStatus" : {
    "configs/ASA_after_acl_summary.cfg" : "PARTIALLY_UNRECOGNIZED",
    "configs/ASA_before_acl_summary.cfg" : "PARTIALLY_UNRECOGNIZED",
    "configs/N9kv-1.cfg" : "PARTIALLY_UNRECOGNIZED",
    "configs/N9kv-2.cfg" : "PARTIALLY_UNRECOGNIZED",
    "configs/after_summary_asa.cfg" : "PARTIALLY_UNRECOGNIZED",
    "configs/before_summary_asa.cfg" : "PARTIALLY_UNRECOGNIZED",
    "configs/ciscoasa.cfg" : "PARTIALLY_UNRECOGNIZED"
  }
}{"answerElements":[{"class":"org.batfish.datamodel.answers.InitInfoAnswerElement","parseStatus":{"configs/ASA_after_acl_summary.cfg":"PARTIALLY_UNRECOGNIZED","configs/ASA_before_acl_summary.cfg":"PARTIALLY_UNRECOGNIZED","configs/N9kv-1.cfg":"PARTIALLY_UNRECOGNIZED","configs/N9kv-2.cfg":"PARTIALLY_UNRECOGNIZED","configs/after_summary_asa.cfg":"PARTIALLY_UNRECOGNIZED","configs/before_summary_asa.cfg":"PARTIALLY_UNRECOGNIZED","configs/ciscoasa.cfg":"PARTIALLY_UNRECOGNIZED"}}],"status":"SUCCESS","summary":{"numFailed":0,"numPassed":0,"numResults":0}}