
*** READING DEVICE CONFIGURATION FILES ***
Reading: "/data/containers/fde67392-a8bf-4dc6-a688-2a6ab2a862b4/snapshots/2762a0fe-f39d-45cd-af35-3b409e20522a/input/configs/firewall.cfg"
Reading: "/data/containers/fde67392-a8bf-4dc6-a688-2a6ab2a862b4/snapshots/2762a0fe-f39d-45cd-af35-3b409e20522a/input/configs/rtr-with-acl.cfg"
Snapshot 2762a0fe-f39d-45cd-af35-3b409e20522a in network fde67392-a8bf-4dc6-a688-2a6ab2a862b4 has total number of network configs:2
*** SERIALIZING VENDOR CONFIGURATION STRUCTURES ***
Time taken for this task: 0.011 seconds

*** DESERIALIZING VENDOR CONFIGURATION STRUCTURES ***
Reading and unzipping: org.batfish.datamodel.GenericConfigObject 'firewall' from /data/containers/fde67392-a8bf-4dc6-a688-2a6ab2a862b4/snapshots/2762a0fe-f39d-45cd-af35-3b409e20522a/output/vendor/firewall
 ...OK
Reading and unzipping: org.batfish.datamodel.GenericConfigObject 'rtr-with-acl' from /data/containers/fde67392-a8bf-4dc6-a688-2a6ab2a862b4/snapshots/2762a0fe-f39d-45cd-af35-3b409e20522a/output/vendor/rtr-with-acl
 ...OK
Time taken for this task: 0.011 seconds

*** CONVERTING VENDOR CONFIGURATIONS TO INDEPENDENT FORMAT ***
Processing: "rtr-with-acl" ...OK
Job terminated successfully with result: [rtr-with-acl] after elapsed time: 00:00:00.00 - 1/2 (50.0%) complete
Processing: "firewall" ...OK
Job terminated successfully with result: [firewall] after elapsed time: 00:00:00.01 - 2/2 (100.0%) complete
Time taken for this task: 0.021 seconds

*** SERIALIZING 2 VENDOR-INDEPENDENT CONFIGURATION STRUCTURES FOR SNAPSHOT 2762A0FE-F39D-45CD-AF35-3B409E20522A***
Loading configurations for NetworkSnapshot{network=fde67392-a8bf-4dc6-a688-2a6ab2a862b4, snapshot=2762a0fe-f39d-45cd-af35-3b409e20522a}
Loading configurations for NetworkSnapshot{network=fde67392-a8bf-4dc6-a688-2a6ab2a862b4, snapshot=2762a0fe-f39d-45cd-af35-3b409e20522a}, cache miss
*** DESERIALIZING VENDOR-INDEPENDENT CONFIGURATION STRUCTURES ***
Reading org.batfish.datamodel.Configuration 'firewall' from '/data/containers/fde67392-a8bf-4dc6-a688-2a6ab2a862b4/snapshots/2762a0fe-f39d-45cd-af35-3b409e20522a/output/indep/firewall'
Reading org.batfish.datamodel.Configuration 'rtr-with-acl' from '/data/containers/fde67392-a8bf-4dc6-a688-2a6ab2a862b4/snapshots/2762a0fe-f39d-45cd-af35-3b409e20522a/output/indep/rtr-with-acl'
Loaded configurations for NetworkSnapshot{network=fde67392-a8bf-4dc6-a688-2a6ab2a862b4, snapshot=2762a0fe-f39d-45cd-af35-3b409e20522a} off diskLoading configurations for NetworkSnapshot{network=fde67392-a8bf-4dc6-a688-2a6ab2a862b4, snapshot=2762a0fe-f39d-45cd-af35-3b409e20522a}
Loading configurations for NetworkSnapshot{network=fde67392-a8bf-4dc6-a688-2a6ab2a862b4, snapshot=2762a0fe-f39d-45cd-af35-3b409e20522a}
Loading configurations for NetworkSnapshot{network=fde67392-a8bf-4dc6-a688-2a6ab2a862b4, snapshot=2762a0fe-f39d-45cd-af35-3b409e20522a}
{
  "class" : "org.batfish.datamodel.answers.InitInfoAnswerElement",
  "parseStatus" : {
    "configs/firewall.cfg" : "PASSED",
    "configs/rtr-with-acl.cfg" : "PASSED"
  }
}{"answerElements":[{"class":"org.batfish.datamodel.answers.InitInfoAnswerElement","parseStatus":{"configs/firewall.cfg":"PASSED","configs/rtr-with-acl.cfg":"PASSED"}}],"status":"SUCCESS","summary":{"numFailed":0,"numPassed":0,"numResults":0}}