
*** READING DEVICE CONFIGURATION FILES ***
Reading: "/data/containers/fde67392-a8bf-4dc6-a688-2a6ab2a862b4/snapshots/5647003a-b04e-4920-9bdf-add48d9bfa95/input/configs/ciscoasa.cfg"
Reading: "/data/containers/fde67392-a8bf-4dc6-a688-2a6ab2a862b4/snapshots/5647003a-b04e-4920-9bdf-add48d9bfa95/input/configs/after_summary_asa.cfg"
Reading: "/data/containers/fde67392-a8bf-4dc6-a688-2a6ab2a862b4/snapshots/5647003a-b04e-4920-9bdf-add48d9bfa95/input/configs/before_summary_asa.cfg"
Reading: "/data/containers/fde67392-a8bf-4dc6-a688-2a6ab2a862b4/snapshots/5647003a-b04e-4920-9bdf-add48d9bfa95/input/configs/N9k-v1.cfg"
Snapshot 5647003a-b04e-4920-9bdf-add48d9bfa95 in network fde67392-a8bf-4dc6-a688-2a6ab2a862b4 has total number of network configs:4
*** SERIALIZING VENDOR CONFIGURATION STRUCTURES ***
Time taken for this task: 0.027 seconds

*** DESERIALIZING VENDOR CONFIGURATION STRUCTURES ***
Reading and unzipping: org.batfish.datamodel.GenericConfigObject 'before_summary_asa' from /data/containers/fde67392-a8bf-4dc6-a688-2a6ab2a862b4/snapshots/5647003a-b04e-4920-9bdf-add48d9bfa95/output/vendor/before_summary_asa
Reading and unzipping: org.batfish.datamodel.GenericConfigObject 'after_summary_asa' from /data/containers/fde67392-a8bf-4dc6-a688-2a6ab2a862b4/snapshots/5647003a-b04e-4920-9bdf-add48d9bfa95/output/vendor/after_summary_asa
 ...OK
Reading and unzipping: org.batfish.datamodel.GenericConfigObject 'ciscoasa' from /data/containers/fde67392-a8bf-4dc6-a688-2a6ab2a862b4/snapshots/5647003a-b04e-4920-9bdf-add48d9bfa95/output/vendor/ciscoasa
 ...OK
 ...OK
Reading and unzipping: org.batfish.datamodel.GenericConfigObject 'n9kv-1' from /data/containers/fde67392-a8bf-4dc6-a688-2a6ab2a862b4/snapshots/5647003a-b04e-4920-9bdf-add48d9bfa95/output/vendor/n9kv-1
 ...OK
Time taken for this task: 0.053 seconds

*** CONVERTING VENDOR CONFIGURATIONS TO INDEPENDENT FORMAT ***
Processing: "after_summary_asa" ...OK
Job terminated successfully with result: [after_summary_asa] after elapsed time: 00:00:00.00 - 1/4 (25.0%) complete
Processing: "before_summary_asa" ...OK
Job terminated successfully with result: [before_summary_asa] after elapsed time: 00:00:00.01 - 2/4 (50.0%) complete
Processing: "n9kv-1" ...OK
Job terminated successfully with result: [n9kv-1] after elapsed time: 00:00:00.03 - 3/4 (75.0%) complete
Processing: "ciscoasa" ...OK
Job terminated successfully with result: [ciscoasa] after elapsed time: 00:00:00.02 - 4/4 (100.0%) complete
Time taken for this task: 0.058 seconds

*** SERIALIZING 4 VENDOR-INDEPENDENT CONFIGURATION STRUCTURES FOR SNAPSHOT 5647003A-B04E-4920-9BDF-ADD48D9BFA95***
Loading configurations for NetworkSnapshot{network=fde67392-a8bf-4dc6-a688-2a6ab2a862b4, snapshot=5647003a-b04e-4920-9bdf-add48d9bfa95}
Loading configurations for NetworkSnapshot{network=fde67392-a8bf-4dc6-a688-2a6ab2a862b4, snapshot=5647003a-b04e-4920-9bdf-add48d9bfa95}, cache miss
*** DESERIALIZING VENDOR-INDEPENDENT CONFIGURATION STRUCTURES ***
Reading org.batfish.datamodel.Configuration 'after_summary_asa' from '/data/containers/fde67392-a8bf-4dc6-a688-2a6ab2a862b4/snapshots/5647003a-b04e-4920-9bdf-add48d9bfa95/output/indep/after_summary_asa'
Reading org.batfish.datamodel.Configuration 'before_summary_asa' from '/data/containers/fde67392-a8bf-4dc6-a688-2a6ab2a862b4/snapshots/5647003a-b04e-4920-9bdf-add48d9bfa95/output/indep/before_summary_asa'
Reading org.batfish.datamodel.Configuration 'ciscoasa' from '/data/containers/fde67392-a8bf-4dc6-a688-2a6ab2a862b4/snapshots/5647003a-b04e-4920-9bdf-add48d9bfa95/output/indep/ciscoasa'
Reading org.batfish.datamodel.Configuration 'n9kv-1' from '/data/containers/fde67392-a8bf-4dc6-a688-2a6ab2a862b4/snapshots/5647003a-b04e-4920-9bdf-add48d9bfa95/output/indep/n9kv-1'
Loaded configurations for NetworkSnapshot{network=fde67392-a8bf-4dc6-a688-2a6ab2a862b4, snapshot=5647003a-b04e-4920-9bdf-add48d9bfa95} off diskLoading configurations for NetworkSnapshot{network=fde67392-a8bf-4dc6-a688-2a6ab2a862b4, snapshot=5647003a-b04e-4920-9bdf-add48d9bfa95}
Loading configurations for NetworkSnapshot{network=fde67392-a8bf-4dc6-a688-2a6ab2a862b4, snapshot=5647003a-b04e-4920-9bdf-add48d9bfa95}
Loading configurations for NetworkSnapshot{network=fde67392-a8bf-4dc6-a688-2a6ab2a862b4, snapshot=5647003a-b04e-4920-9bdf-add48d9bfa95}
{
  "class" : "org.batfish.datamodel.answers.InitInfoAnswerElement",
  "parseStatus" : {
    "configs/N9k-v1.cfg" : "PASSED",
    "configs/after_summary_asa.cfg" : "PARTIALLY_UNRECOGNIZED",
    "configs/before_summary_asa.cfg" : "PARTIALLY_UNRECOGNIZED",
    "configs/ciscoasa.cfg" : "PARTIALLY_UNRECOGNIZED"
  }
}{"answerElements":[{"class":"org.batfish.datamodel.answers.InitInfoAnswerElement","parseStatus":{"configs/N9k-v1.cfg":"PASSED","configs/after_summary_asa.cfg":"PARTIALLY_UNRECOGNIZED","configs/before_summary_asa.cfg":"PARTIALLY_UNRECOGNIZED","configs/ciscoasa.cfg":"PARTIALLY_UNRECOGNIZED"}}],"status":"SUCCESS","summary":{"numFailed":0,"numPassed":0,"numResults":0}}