
*** READING DEVICE CONFIGURATION FILES ***
Reading: "/data/containers/fde67392-a8bf-4dc6-a688-2a6ab2a862b4/snapshots/0a718780-8e0a-47f9-afc2-0ece4d0e8c5d/input/configs/ciscoasa.cfg"
Reading: "/data/containers/fde67392-a8bf-4dc6-a688-2a6ab2a862b4/snapshots/0a718780-8e0a-47f9-afc2-0ece4d0e8c5d/input/configs/after_summary_asa.cfg"
Reading: "/data/containers/fde67392-a8bf-4dc6-a688-2a6ab2a862b4/snapshots/0a718780-8e0a-47f9-afc2-0ece4d0e8c5d/input/configs/N9kv-2.cfg"
Reading: "/data/containers/fde67392-a8bf-4dc6-a688-2a6ab2a862b4/snapshots/0a718780-8e0a-47f9-afc2-0ece4d0e8c5d/input/configs/before_summary_asa.cfg"
Reading: "/data/containers/fde67392-a8bf-4dc6-a688-2a6ab2a862b4/snapshots/0a718780-8e0a-47f9-afc2-0ece4d0e8c5d/input/configs/N9kv-1.cfg"
Snapshot 0a718780-8e0a-47f9-afc2-0ece4d0e8c5d in network fde67392-a8bf-4dc6-a688-2a6ab2a862b4 has total number of network configs:5	Preprocessing...OK
	Parsing...OK
	Post-processing...OK
	Preprocessing...OK
	Parsing...OK
	Post-processing...OK
	Preprocessing...OK
	Parsing...OK
	Post-processing...OK
   MISCELLANEOUS: Network object 'range' is not supported for access lists: range 12.0.0.10 12.0.0.20


*** SERIALIZING VENDOR CONFIGURATION STRUCTURES ***
Time taken for this task: 0.117 seconds

*** DESERIALIZING VENDOR CONFIGURATION STRUCTURES ***
Reading and unzipping: org.batfish.datamodel.GenericConfigObject 'ciscoasa' from /data/containers/fde67392-a8bf-4dc6-a688-2a6ab2a862b4/snapshots/0a718780-8e0a-47f9-afc2-0ece4d0e8c5d/output/vendor/ciscoasa
Reading and unzipping: org.batfish.datamodel.GenericConfigObject 'n9kv-2' from /data/containers/fde67392-a8bf-4dc6-a688-2a6ab2a862b4/snapshots/0a718780-8e0a-47f9-afc2-0ece4d0e8c5d/output/vendor/n9kv-2
Reading and unzipping: org.batfish.datamodel.GenericConfigObject 'after_summary_asa' from /data/containers/fde67392-a8bf-4dc6-a688-2a6ab2a862b4/snapshots/0a718780-8e0a-47f9-afc2-0ece4d0e8c5d/output/vendor/after_summary_asa
Reading and unzipping: org.batfish.datamodel.GenericConfigObject 'before_summary_asa' from /data/containers/fde67392-a8bf-4dc6-a688-2a6ab2a862b4/snapshots/0a718780-8e0a-47f9-afc2-0ece4d0e8c5d/output/vendor/before_summary_asa
 ...OK
 ...OK
 ...OK
Reading and unzipping: org.batfish.datamodel.GenericConfigObject 'n9kv-1' from /data/containers/fde67392-a8bf-4dc6-a688-2a6ab2a862b4/snapshots/0a718780-8e0a-47f9-afc2-0ece4d0e8c5d/output/vendor/n9kv-1
 ...OK
 ...OK
Time taken for this task: 0.079 seconds

*** CONVERTING VENDOR CONFIGURATIONS TO INDEPENDENT FORMAT ***
Processing: "before_summary_asa" ...OK
Job terminated successfully with result: [before_summary_asa] after elapsed time: 00:00:00.13 - 1/5 (20.0%) complete
Processing: "n9kv-1" ...OK
Job terminated successfully with result: [n9kv-1] after elapsed time: 00:00:00.16 - 2/5 (40.0%) complete
Processing: "n9kv-2" ...OK
Job terminated successfully with result: [n9kv-2] after elapsed time: 00:00:00.13 - 3/5 (60.0%) complete
Processing: "after_summary_asa" ...OK
Job terminated successfully with result: [after_summary_asa] after elapsed time: 00:00:00.14 - 4/5 (80.0%) complete
Processing: "ciscoasa" ...OK
Job terminated successfully with result: [ciscoasa] after elapsed time: 00:00:00.01 - 5/5 (100.0%) complete
Time taken for this task: 0.181 seconds

*** SERIALIZING 5 VENDOR-INDEPENDENT CONFIGURATION STRUCTURES FOR SNAPSHOT 0A718780-8E0A-47F9-AFC2-0ECE4D0E8C5D***
Loading configurations for NetworkSnapshot{network=fde67392-a8bf-4dc6-a688-2a6ab2a862b4, snapshot=0a718780-8e0a-47f9-afc2-0ece4d0e8c5d}
Loading configurations for NetworkSnapshot{network=fde67392-a8bf-4dc6-a688-2a6ab2a862b4, snapshot=0a718780-8e0a-47f9-afc2-0ece4d0e8c5d}, cache miss
*** DESERIALIZING VENDOR-INDEPENDENT CONFIGURATION STRUCTURES ***
Reading org.batfish.datamodel.Configuration 'n9kv-2' from '/data/containers/fde67392-a8bf-4dc6-a688-2a6ab2a862b4/snapshots/0a718780-8e0a-47f9-afc2-0ece4d0e8c5d/output/indep/n9kv-2'
Reading org.batfish.datamodel.Configuration 'after_summary_asa' from '/data/containers/fde67392-a8bf-4dc6-a688-2a6ab2a862b4/snapshots/0a718780-8e0a-47f9-afc2-0ece4d0e8c5d/output/indep/after_summary_asa'
Reading org.batfish.datamodel.Configuration 'before_summary_asa' from '/data/containers/fde67392-a8bf-4dc6-a688-2a6ab2a862b4/snapshots/0a718780-8e0a-47f9-afc2-0ece4d0e8c5d/output/indep/before_summary_asa'
Reading org.batfish.datamodel.Configuration 'ciscoasa' from '/data/containers/fde67392-a8bf-4dc6-a688-2a6ab2a862b4/snapshots/0a718780-8e0a-47f9-afc2-0ece4d0e8c5d/output/indep/ciscoasa'
Reading org.batfish.datamodel.Configuration 'n9kv-1' from '/data/containers/fde67392-a8bf-4dc6-a688-2a6ab2a862b4/snapshots/0a718780-8e0a-47f9-afc2-0ece4d0e8c5d/output/indep/n9kv-1'
Loaded configurations for NetworkSnapshot{network=fde67392-a8bf-4dc6-a688-2a6ab2a862b4, snapshot=0a718780-8e0a-47f9-afc2-0ece4d0e8c5d} off diskLoading configurations for NetworkSnapshot{network=fde67392-a8bf-4dc6-a688-2a6ab2a862b4, snapshot=0a718780-8e0a-47f9-afc2-0ece4d0e8c5d}
Loading configurations for NetworkSnapshot{network=fde67392-a8bf-4dc6-a688-2a6ab2a862b4, snapshot=0a718780-8e0a-47f9-afc2-0ece4d0e8c5d}
Loading configurations for NetworkSnapshot{network=fde67392-a8bf-4dc6-a688-2a6ab2a862b4, snapshot=0a718780-8e0a-47f9-afc2-0ece4d0e8c5d}
{
  "class" : "org.batfish.datamodel.answers.InitInfoAnswerElement",
  "parseStatus" : {
    "configs/N9kv-1.cfg" : "PARTIALLY_UNRECOGNIZED",
    "configs/N9kv-2.cfg" : "PARTIALLY_UNRECOGNIZED",
    "configs/after_summary_asa.cfg" : "PARTIALLY_UNRECOGNIZED",
    "configs/before_summary_asa.cfg" : "PARTIALLY_UNRECOGNIZED",
    "configs/ciscoasa.cfg" : "PARTIALLY_UNRECOGNIZED"
  }
}{"answerElements":[{"class":"org.batfish.datamodel.answers.InitInfoAnswerElement","parseStatus":{"configs/N9kv-1.cfg":"PARTIALLY_UNRECOGNIZED","configs/N9kv-2.cfg":"PARTIALLY_UNRECOGNIZED","configs/after_summary_asa.cfg":"PARTIALLY_UNRECOGNIZED","configs/before_summary_asa.cfg":"PARTIALLY_UNRECOGNIZED","configs/ciscoasa.cfg":"PARTIALLY_UNRECOGNIZED"}}],"status":"SUCCESS","summary":{"numFailed":0,"numPassed":0,"numResults":0}}