
*** READING DEVICE CONFIGURATION FILES ***
Reading: "/data/containers/fde67392-a8bf-4dc6-a688-2a6ab2a862b4/snapshots/8613cfed-0404-4e3f-ba3f-58d4b81a4f33/input/configs/ciscoasa.cfg"
Reading: "/data/containers/fde67392-a8bf-4dc6-a688-2a6ab2a862b4/snapshots/8613cfed-0404-4e3f-ba3f-58d4b81a4f33/input/configs/after_summary_asa.cfg"
Reading: "/data/containers/fde67392-a8bf-4dc6-a688-2a6ab2a862b4/snapshots/8613cfed-0404-4e3f-ba3f-58d4b81a4f33/input/configs/before_summary_asa.cfg"
Reading: "/data/containers/fde67392-a8bf-4dc6-a688-2a6ab2a862b4/snapshots/8613cfed-0404-4e3f-ba3f-58d4b81a4f33/input/configs/N9k-v1.cfg"
Snapshot 8613cfed-0404-4e3f-ba3f-58d4b81a4f33 in network fde67392-a8bf-4dc6-a688-2a6ab2a862b4 has total number of network configs:4
*** SERIALIZING VENDOR CONFIGURATION STRUCTURES ***
Time taken for this task: 0.074 seconds

*** DESERIALIZING VENDOR CONFIGURATION STRUCTURES ***
Reading and unzipping: org.batfish.datamodel.GenericConfigObject 'before_summary_asa' from /data/containers/fde67392-a8bf-4dc6-a688-2a6ab2a862b4/snapshots/8613cfed-0404-4e3f-ba3f-58d4b81a4f33/output/vendor/before_summary_asa
Reading and unzipping: org.batfish.datamodel.GenericConfigObject 'after_summary_asa' from /data/containers/fde67392-a8bf-4dc6-a688-2a6ab2a862b4/snapshots/8613cfed-0404-4e3f-ba3f-58d4b81a4f33/output/vendor/after_summary_asa
 ...OK
Reading and unzipping: org.batfish.datamodel.GenericConfigObject 'ciscoasa' from /data/containers/fde67392-a8bf-4dc6-a688-2a6ab2a862b4/snapshots/8613cfed-0404-4e3f-ba3f-58d4b81a4f33/output/vendor/ciscoasa
 ...OK
 ...OK
Reading and unzipping: org.batfish.datamodel.GenericConfigObject 'n9kv-1' from /data/containers/fde67392-a8bf-4dc6-a688-2a6ab2a862b4/snapshots/8613cfed-0404-4e3f-ba3f-58d4b81a4f33/output/vendor/n9kv-1
 ...OK
Time taken for this task: 0.093 seconds

*** CONVERTING VENDOR CONFIGURATIONS TO INDEPENDENT FORMAT ***
Processing: "after_summary_asa" ...OK
Job terminated successfully with result: [after_summary_asa] after elapsed time: 00:00:00.02 - 1/4 (25.0%) complete
Processing: "ciscoasa" ...OK
Job terminated successfully with result: [ciscoasa] after elapsed time: 00:00:00.02 - 2/4 (50.0%) complete
Processing: "n9kv-1" ...OK
Job terminated successfully with result: [n9kv-1] after elapsed time: 00:00:00.05 - 3/4 (75.0%) complete
Processing: "before_summary_asa" ...OK
Job terminated successfully with result: [before_summary_asa] after elapsed time: 00:00:00.03 - 4/4 (100.0%) complete
Time taken for this task: 0.1 seconds

*** SERIALIZING 4 VENDOR-INDEPENDENT CONFIGURATION STRUCTURES FOR SNAPSHOT 8613CFED-0404-4E3F-BA3F-58D4B81A4F33***
Loading configurations for NetworkSnapshot{network=fde67392-a8bf-4dc6-a688-2a6ab2a862b4, snapshot=8613cfed-0404-4e3f-ba3f-58d4b81a4f33}
Loading configurations for NetworkSnapshot{network=fde67392-a8bf-4dc6-a688-2a6ab2a862b4, snapshot=8613cfed-0404-4e3f-ba3f-58d4b81a4f33}, cache miss
*** DESERIALIZING VENDOR-INDEPENDENT CONFIGURATION STRUCTURES ***
Reading org.batfish.datamodel.Configuration 'before_summary_asa' from '/data/containers/fde67392-a8bf-4dc6-a688-2a6ab2a862b4/snapshots/8613cfed-0404-4e3f-ba3f-58d4b81a4f33/output/indep/before_summary_asa'
Reading org.batfish.datamodel.Configuration 'after_summary_asa' from '/data/containers/fde67392-a8bf-4dc6-a688-2a6ab2a862b4/snapshots/8613cfed-0404-4e3f-ba3f-58d4b81a4f33/output/indep/after_summary_asa'
Reading org.batfish.datamodel.Configuration 'ciscoasa' from '/data/containers/fde67392-a8bf-4dc6-a688-2a6ab2a862b4/snapshots/8613cfed-0404-4e3f-ba3f-58d4b81a4f33/output/indep/ciscoasa'
Reading org.batfish.datamodel.Configuration 'n9kv-1' from '/data/containers/fde67392-a8bf-4dc6-a688-2a6ab2a862b4/snapshots/8613cfed-0404-4e3f-ba3f-58d4b81a4f33/output/indep/n9kv-1'
Loaded configurations for NetworkSnapshot{network=fde67392-a8bf-4dc6-a688-2a6ab2a862b4, snapshot=8613cfed-0404-4e3f-ba3f-58d4b81a4f33} off diskLoading configurations for NetworkSnapshot{network=fde67392-a8bf-4dc6-a688-2a6ab2a862b4, snapshot=8613cfed-0404-4e3f-ba3f-58d4b81a4f33}
Loading configurations for NetworkSnapshot{network=fde67392-a8bf-4dc6-a688-2a6ab2a862b4, snapshot=8613cfed-0404-4e3f-ba3f-58d4b81a4f33}
Loading configurations for NetworkSnapshot{network=fde67392-a8bf-4dc6-a688-2a6ab2a862b4, snapshot=8613cfed-0404-4e3f-ba3f-58d4b81a4f33}
{
  "class" : "org.batfish.datamodel.answers.InitInfoAnswerElement",
  "parseStatus" : {
    "configs/N9k-v1.cfg" : "PASSED",
    "configs/after_summary_asa.cfg" : "PARTIALLY_UNRECOGNIZED",
    "configs/before_summary_asa.cfg" : "PARTIALLY_UNRECOGNIZED",
    "configs/ciscoasa.cfg" : "PARTIALLY_UNRECOGNIZED"
  }
}{"answerElements":[{"class":"org.batfish.datamodel.answers.InitInfoAnswerElement","parseStatus":{"configs/N9k-v1.cfg":"PASSED","configs/after_summary_asa.cfg":"PARTIALLY_UNRECOGNIZED","configs/before_summary_asa.cfg":"PARTIALLY_UNRECOGNIZED","configs/ciscoasa.cfg":"PARTIALLY_UNRECOGNIZED"}}],"status":"SUCCESS","summary":{"numFailed":0,"numPassed":0,"numResults":0}}