
*** READING DEVICE CONFIGURATION FILES ***
Reading: "/data/containers/fde67392-a8bf-4dc6-a688-2a6ab2a862b4/snapshots/9333f6ba-17f1-4340-85df-f94fd9732aaa/input/configs/ciscoasa.cfg"
Reading: "/data/containers/fde67392-a8bf-4dc6-a688-2a6ab2a862b4/snapshots/9333f6ba-17f1-4340-85df-f94fd9732aaa/input/configs/after_summary_asa.cfg"
Reading: "/data/containers/fde67392-a8bf-4dc6-a688-2a6ab2a862b4/snapshots/9333f6ba-17f1-4340-85df-f94fd9732aaa/input/configs/N9kv-2.cfg"
Reading: "/data/containers/fde67392-a8bf-4dc6-a688-2a6ab2a862b4/snapshots/9333f6ba-17f1-4340-85df-f94fd9732aaa/input/configs/before_summary_asa.cfg"
Reading: "/data/containers/fde67392-a8bf-4dc6-a688-2a6ab2a862b4/snapshots/9333f6ba-17f1-4340-85df-f94fd9732aaa/input/configs/N9kv-1.cfg"
Snapshot 9333f6ba-17f1-4340-85df-f94fd9732aaa in network fde67392-a8bf-4dc6-a688-2a6ab2a862b4 has total number of network configs:5
*** SERIALIZING VENDOR CONFIGURATION STRUCTURES ***
Time taken for this task: 0.027 seconds

*** DESERIALIZING VENDOR CONFIGURATION STRUCTURES ***
Reading and unzipping: org.batfish.datamodel.GenericConfigObject 'ciscoasa' from /data/containers/fde67392-a8bf-4dc6-a688-2a6ab2a862b4/snapshots/9333f6ba-17f1-4340-85df-f94fd9732aaa/output/vendor/ciscoasa
Reading and unzipping: org.batfish.datamodel.GenericConfigObject 'n9kv-2' from /data/containers/fde67392-a8bf-4dc6-a688-2a6ab2a862b4/snapshots/9333f6ba-17f1-4340-85df-f94fd9732aaa/output/vendor/n9kv-2
Reading and unzipping: org.batfish.datamodel.GenericConfigObject 'before_summary_asa' from /data/containers/fde67392-a8bf-4dc6-a688-2a6ab2a862b4/snapshots/9333f6ba-17f1-4340-85df-f94fd9732aaa/output/vendor/before_summary_asa
Reading and unzipping: org.batfish.datamodel.GenericConfigObject 'after_summary_asa' from /data/containers/fde67392-a8bf-4dc6-a688-2a6ab2a862b4/snapshots/9333f6ba-17f1-4340-85df-f94fd9732aaa/output/vendor/after_summary_asa
 ...OK
 ...OK
 ...OK
 ...OK
Reading and unzipping: org.batfish.datamodel.GenericConfigObject 'n9kv-1' from /data/containers/fde67392-a8bf-4dc6-a688-2a6ab2a862b4/snapshots/9333f6ba-17f1-4340-85df-f94fd9732aaa/output/vendor/n9kv-1
 ...OK
Time taken for this task: 0.03 seconds

*** CONVERTING VENDOR CONFIGURATIONS TO INDEPENDENT FORMAT ***
Processing: "n9kv-1" ...OK
Job terminated successfully with result: [n9kv-1] after elapsed time: 00:00:00.01 - 1/5 (20.0%) complete
Processing: "ciscoasa" ...OK
Job terminated successfully with result: [ciscoasa] after elapsed time: 00:00:00.02 - 2/5 (40.0%) complete
Processing: "before_summary_asa" ...OK
Job terminated successfully with result: [before_summary_asa] after elapsed time: 00:00:00.01 - 3/5 (60.0%) complete
Processing: "after_summary_asa" ...OK
Job terminated successfully with result: [after_summary_asa] after elapsed time: 00:00:00.01 - 4/5 (80.0%) complete
Processing: "n9kv-2" ...OK
Job terminated successfully with result: [n9kv-2] after elapsed time: 00:00:00.04 - 5/5 (100.0%) complete
Time taken for this task: 0.044 seconds

*** SERIALIZING 5 VENDOR-INDEPENDENT CONFIGURATION STRUCTURES FOR SNAPSHOT 9333F6BA-17F1-4340-85DF-F94FD9732AAA***
Loading configurations for NetworkSnapshot{network=fde67392-a8bf-4dc6-a688-2a6ab2a862b4, snapshot=9333f6ba-17f1-4340-85df-f94fd9732aaa}
Loading configurations for NetworkSnapshot{network=fde67392-a8bf-4dc6-a688-2a6ab2a862b4, snapshot=9333f6ba-17f1-4340-85df-f94fd9732aaa}, cache miss
*** DESERIALIZING VENDOR-INDEPENDENT CONFIGURATION STRUCTURES ***
Reading org.batfish.datamodel.Configuration 'before_summary_asa' from '/data/containers/fde67392-a8bf-4dc6-a688-2a6ab2a862b4/snapshots/9333f6ba-17f1-4340-85df-f94fd9732aaa/output/indep/before_summary_asa'
Reading org.batfish.datamodel.Configuration 'ciscoasa' from '/data/containers/fde67392-a8bf-4dc6-a688-2a6ab2a862b4/snapshots/9333f6ba-17f1-4340-85df-f94fd9732aaa/output/indep/ciscoasa'
Reading org.batfish.datamodel.Configuration 'after_summary_asa' from '/data/containers/fde67392-a8bf-4dc6-a688-2a6ab2a862b4/snapshots/9333f6ba-17f1-4340-85df-f94fd9732aaa/output/indep/after_summary_asa'
Reading org.batfish.datamodel.Configuration 'n9kv-2' from '/data/containers/fde67392-a8bf-4dc6-a688-2a6ab2a862b4/snapshots/9333f6ba-17f1-4340-85df-f94fd9732aaa/output/indep/n9kv-2'
Reading org.batfish.datamodel.Configuration 'n9kv-1' from '/data/containers/fde67392-a8bf-4dc6-a688-2a6ab2a862b4/snapshots/9333f6ba-17f1-4340-85df-f94fd9732aaa/output/indep/n9kv-1'
Loaded configurations for NetworkSnapshot{network=fde67392-a8bf-4dc6-a688-2a6ab2a862b4, snapshot=9333f6ba-17f1-4340-85df-f94fd9732aaa} off diskLoading configurations for NetworkSnapshot{network=fde67392-a8bf-4dc6-a688-2a6ab2a862b4, snapshot=9333f6ba-17f1-4340-85df-f94fd9732aaa}
Loading configurations for NetworkSnapshot{network=fde67392-a8bf-4dc6-a688-2a6ab2a862b4, snapshot=9333f6ba-17f1-4340-85df-f94fd9732aaa}
Loading configurations for NetworkSnapshot{network=fde67392-a8bf-4dc6-a688-2a6ab2a862b4, snapshot=9333f6ba-17f1-4340-85df-f94fd9732aaa}
{
  "class" : "org.batfish.datamodel.answers.InitInfoAnswerElement",
  "parseStatus" : {
    "configs/N9kv-1.cfg" : "PARTIALLY_UNRECOGNIZED",
    "configs/N9kv-2.cfg" : "PARTIALLY_UNRECOGNIZED",
    "configs/after_summary_asa.cfg" : "PARTIALLY_UNRECOGNIZED",
    "configs/before_summary_asa.cfg" : "PARTIALLY_UNRECOGNIZED",
    "configs/ciscoasa.cfg" : "PARTIALLY_UNRECOGNIZED"
  }
}{"answerElements":[{"class":"org.batfish.datamodel.answers.InitInfoAnswerElement","parseStatus":{"configs/N9kv-1.cfg":"PARTIALLY_UNRECOGNIZED","configs/N9kv-2.cfg":"PARTIALLY_UNRECOGNIZED","configs/after_summary_asa.cfg":"PARTIALLY_UNRECOGNIZED","configs/before_summary_asa.cfg":"PARTIALLY_UNRECOGNIZED","configs/ciscoasa.cfg":"PARTIALLY_UNRECOGNIZED"}}],"status":"SUCCESS","summary":{"numFailed":0,"numPassed":0,"numResults":0}}